2025-07-21 11:19:44,269 - httpx - INFO - HTTP Request: POST https://api.telegram.org/bot8067228135:AAFVhUKTZXosDAm4SvoKAKtuzBrm2kcPdlI/getMe "HTTP/1.1 200 OK"
2025-07-21 11:19:44,521 - httpx - INFO - HTTP Request: POST https://api.telegram.org/bot8067228135:AAFVhUKTZXosDAm4SvoKAKtuzBrm2kcPdlI/deleteWebhook "HTTP/1.1 200 OK"
2025-07-21 11:19:44,523 - apscheduler.scheduler - INFO - Scheduler started
2025-07-21 11:19:44,524 - telegram.ext.Application - INFO - Application started
2025-07-21 11:19:55,204 - httpx - INFO - HTTP Request: POST https://api.telegram.org/bot8067228135:AAFVhUKTZXosDAm4SvoKAKtuzBrm2kcPdlI/getUpdates "HTTP/1.1 200 OK"
2025-07-21 11:20:05,387 - httpx - INFO - HTTP Request: POST https://api.telegram.org/bot8067228135:AAFVhUKTZXosDAm4SvoKAKtuzBrm2kcPdlI/getUpdates "HTTP/1.1 200 OK"
2025-07-21 11:20:15,746 - httpx - INFO - HTTP Request: POST https://api.telegram.org/bot8067228135:AAFVhUKTZXosDAm4SvoKAKtuzBrm2kcPdlI/getUpdates "HTTP/1.1 200 OK"
2025-07-21 11:20:25,913 - httpx - INFO - HTTP Request: POST https://api.telegram.org/bot8067228135:AAFVhUKTZXosDAm4SvoKAKtuzBrm2kcPdlI/getUpdates "HTTP/1.1 200 OK"
2025-07-21 11:20:36,110 - httpx - INFO - HTTP Request: POST https://api.telegram.org/bot8067228135:AAFVhUKTZXosDAm4SvoKAKtuzBrm2kcPdlI/getUpdates "HTTP/1.1 200 OK"
2025-07-21 11:20:46,475 - httpx - INFO - HTTP Request: POST https://api.telegram.org/bot8067228135:AAFVhUKTZXosDAm4SvoKAKtuzBrm2kcPdlI/getUpdates "HTTP/1.1 200 OK"
2025-07-21 11:20:56,586 - httpx - INFO - HTTP Request: POST https://api.telegram.org/bot8067228135:AAFVhUKTZXosDAm4SvoKAKtuzBrm2kcPdlI/getUpdates "HTTP/1.1 200 OK"
2025-07-21 11:21:06,823 - httpx - INFO - HTTP Request: POST https://api.telegram.org/bot8067228135:AAFVhUKTZXosDAm4SvoKAKtuzBrm2kcPdlI/getUpdates "HTTP/1.1 200 OK"
2025-07-21 11:21:17,190 - httpx - INFO - HTTP Request: POST https://api.telegram.org/bot8067228135:AAFVhUKTZXosDAm4SvoKAKtuzBrm2kcPdlI/getUpdates "HTTP/1.1 200 OK"
2025-07-21 11:21:27,275 - httpx - INFO - HTTP Request: POST https://api.telegram.org/bot8067228135:AAFVhUKTZXosDAm4SvoKAKtuzBrm2kcPdlI/getUpdates "HTTP/1.1 200 OK"
2025-07-21 11:21:37,525 - httpx - INFO - HTTP Request: POST https://api.telegram.org/bot8067228135:AAFVhUKTZXosDAm4SvoKAKtuzBrm2kcPdlI/getUpdates "HTTP/1.1 200 OK"
2025-07-21 11:21:47,900 - httpx - INFO - HTTP Request: POST https://api.telegram.org/bot8067228135:AAFVhUKTZXosDAm4SvoKAKtuzBrm2kcPdlI/getUpdates "HTTP/1.1 200 OK"
2025-07-21 11:21:57,974 - httpx - INFO - HTTP Request: POST https://api.telegram.org/bot8067228135:AAFVhUKTZXosDAm4SvoKAKtuzBrm2kcPdlI/getUpdates "HTTP/1.1 200 OK"
2025-07-21 11:22:08,262 - httpx - INFO - HTTP Request: POST https://api.telegram.org/bot8067228135:AAFVhUKTZXosDAm4SvoKAKtuzBrm2kcPdlI/getUpdates "HTTP/1.1 200 OK"
2025-07-21 11:22:18,645 - httpx - INFO - HTTP Request: POST https://api.telegram.org/bot8067228135:AAFVhUKTZXosDAm4SvoKAKtuzBrm2kcPdlI/getUpdates "HTTP/1.1 200 OK"
2025-07-21 11:22:28,695 - httpx - INFO - HTTP Request: POST https://api.telegram.org/bot8067228135:AAFVhUKTZXosDAm4SvoKAKtuzBrm2kcPdlI/getUpdates "HTTP/1.1 200 OK"
2025-07-21 11:22:38,979 - httpx - INFO - HTTP Request: POST https://api.telegram.org/bot8067228135:AAFVhUKTZXosDAm4SvoKAKtuzBrm2kcPdlI/getUpdates "HTTP/1.1 200 OK"
2025-07-21 11:22:49,370 - httpx - INFO - HTTP Request: POST https://api.telegram.org/bot8067228135:AAFVhUKTZXosDAm4SvoKAKtuzBrm2kcPdlI/getUpdates "HTTP/1.1 200 OK"
2025-07-21 11:22:59,410 - httpx - INFO - HTTP Request: POST https://api.telegram.org/bot8067228135:AAFVhUKTZXosDAm4SvoKAKtuzBrm2kcPdlI/getUpdates "HTTP/1.1 200 OK"
2025-07-21 11:23:09,709 - httpx - INFO - HTTP Request: POST https://api.telegram.org/bot8067228135:AAFVhUKTZXosDAm4SvoKAKtuzBrm2kcPdlI/getUpdates "HTTP/1.1 200 OK"
2025-07-21 11:23:20,094 - httpx - INFO - HTTP Request: POST https://api.telegram.org/bot8067228135:AAFVhUKTZXosDAm4SvoKAKtuzBrm2kcPdlI/getUpdates "HTTP/1.1 200 OK"
2025-07-21 11:23:30,123 - httpx - INFO - HTTP Request: POST https://api.telegram.org/bot8067228135:AAFVhUKTZXosDAm4SvoKAKtuzBrm2kcPdlI/getUpdates "HTTP/1.1 200 OK"
2025-07-21 11:23:40,438 - httpx - INFO - HTTP Request: POST https://api.telegram.org/bot8067228135:AAFVhUKTZXosDAm4SvoKAKtuzBrm2kcPdlI/getUpdates "HTTP/1.1 200 OK"
2025-07-21 11:23:50,841 - httpx - INFO - HTTP Request: POST https://api.telegram.org/bot8067228135:AAFVhUKTZXosDAm4SvoKAKtuzBrm2kcPdlI/getUpdates "HTTP/1.1 200 OK"
2025-07-21 11:24:00,806 - httpx - INFO - HTTP Request: POST https://api.telegram.org/bot8067228135:AAFVhUKTZXosDAm4SvoKAKtuzBrm2kcPdlI/getUpdates "HTTP/1.1 200 OK"
2025-07-21 11:24:11,127 - httpx - INFO - HTTP Request: POST https://api.telegram.org/bot8067228135:AAFVhUKTZXosDAm4SvoKAKtuzBrm2kcPdlI/getUpdates "HTTP/1.1 200 OK"
2025-07-21 11:24:21,541 - httpx - INFO - HTTP Request: POST https://api.telegram.org/bot8067228135:AAFVhUKTZXosDAm4SvoKAKtuzBrm2kcPdlI/getUpdates "HTTP/1.1 200 OK"
2025-07-21 11:24:31,542 - httpx - INFO - HTTP Request: POST https://api.telegram.org/bot8067228135:AAFVhUKTZXosDAm4SvoKAKtuzBrm2kcPdlI/getUpdates "HTTP/1.1 200 OK"
2025-07-21 11:24:41,874 - httpx - INFO - HTTP Request: POST https://api.telegram.org/bot8067228135:AAFVhUKTZXosDAm4SvoKAKtuzBrm2kcPdlI/getUpdates "HTTP/1.1 200 OK"
2025-07-21 11:24:52,119 - httpx - INFO - HTTP Request: POST https://api.telegram.org/bot8067228135:AAFVhUKTZXosDAm4SvoKAKtuzBrm2kcPdlI/getUpdates "HTTP/1.1 200 OK"
2025-07-21 11:25:02,257 - httpx - INFO - HTTP Request: POST https://api.telegram.org/bot8067228135:AAFVhUKTZXosDAm4SvoKAKtuzBrm2kcPdlI/getUpdates "HTTP/1.1 200 OK"
2025-07-21 11:25:12,602 - httpx - INFO - HTTP Request: POST https://api.telegram.org/bot8067228135:AAFVhUKTZXosDAm4SvoKAKtuzBrm2kcPdlI/getUpdates "HTTP/1.1 200 OK"
2025-07-21 11:25:22,818 - httpx - INFO - HTTP Request: POST https://api.telegram.org/bot8067228135:AAFVhUKTZXosDAm4SvoKAKtuzBrm2kcPdlI/getUpdates "HTTP/1.1 200 OK"
2025-07-21 11:25:32,970 - httpx - INFO - HTTP Request: POST https://api.telegram.org/bot8067228135:AAFVhUKTZXosDAm4SvoKAKtuzBrm2kcPdlI/getUpdates "HTTP/1.1 200 OK"
2025-07-21 11:25:43,321 - httpx - INFO - HTTP Request: POST https://api.telegram.org/bot8067228135:AAFVhUKTZXosDAm4SvoKAKtuzBrm2kcPdlI/getUpdates "HTTP/1.1 200 OK"
2025-07-21 11:25:53,502 - httpx - INFO - HTTP Request: POST https://api.telegram.org/bot8067228135:AAFVhUKTZXosDAm4SvoKAKtuzBrm2kcPdlI/getUpdates "HTTP/1.1 200 OK"
2025-07-21 11:26:03,679 - httpx - INFO - HTTP Request: POST https://api.telegram.org/bot8067228135:AAFVhUKTZXosDAm4SvoKAKtuzBrm2kcPdlI/getUpdates "HTTP/1.1 200 OK"
2025-07-21 11:26:14,033 - httpx - INFO - HTTP Request: POST https://api.telegram.org/bot8067228135:AAFVhUKTZXosDAm4SvoKAKtuzBrm2kcPdlI/getUpdates "HTTP/1.1 200 OK"
2025-07-21 11:26:24,188 - httpx - INFO - HTTP Request: POST https://api.telegram.org/bot8067228135:AAFVhUKTZXosDAm4SvoKAKtuzBrm2kcPdlI/getUpdates "HTTP/1.1 200 OK"
2025-07-21 11:26:34,389 - httpx - INFO - HTTP Request: POST https://api.telegram.org/bot8067228135:AAFVhUKTZXosDAm4SvoKAKtuzBrm2kcPdlI/getUpdates "HTTP/1.1 200 OK"
2025-07-21 11:26:44,754 - httpx - INFO - HTTP Request: POST https://api.telegram.org/bot8067228135:AAFVhUKTZXosDAm4SvoKAKtuzBrm2kcPdlI/getUpdates "HTTP/1.1 200 OK"
2025-07-21 11:26:54,894 - httpx - INFO - HTTP Request: POST https://api.telegram.org/bot8067228135:AAFVhUKTZXosDAm4SvoKAKtuzBrm2kcPdlI/getUpdates "HTTP/1.1 200 OK"
2025-07-21 11:27:05,112 - httpx - INFO - HTTP Request: POST https://api.telegram.org/bot8067228135:AAFVhUKTZXosDAm4SvoKAKtuzBrm2kcPdlI/getUpdates "HTTP/1.1 200 OK"
2025-07-21 11:27:15,509 - httpx - INFO - HTTP Request: POST https://api.telegram.org/bot8067228135:AAFVhUKTZXosDAm4SvoKAKtuzBrm2kcPdlI/getUpdates "HTTP/1.1 200 OK"
2025-07-21 11:27:25,611 - httpx - INFO - HTTP Request: POST https://api.telegram.org/bot8067228135:AAFVhUKTZXosDAm4SvoKAKtuzBrm2kcPdlI/getUpdates "HTTP/1.1 200 OK"
2025-07-21 11:27:35,852 - httpx - INFO - HTTP Request: POST https://api.telegram.org/bot8067228135:AAFVhUKTZXosDAm4SvoKAKtuzBrm2kcPdlI/getUpdates "HTTP/1.1 200 OK"
2025-07-21 11:27:46,239 - httpx - INFO - HTTP Request: POST https://api.telegram.org/bot8067228135:AAFVhUKTZXosDAm4SvoKAKtuzBrm2kcPdlI/getUpdates "HTTP/1.1 200 OK"
2025-07-21 11:27:56,289 - httpx - INFO - HTTP Request: POST https://api.telegram.org/bot8067228135:AAFVhUKTZXosDAm4SvoKAKtuzBrm2kcPdlI/getUpdates "HTTP/1.1 200 OK"
2025-07-21 11:28:06,558 - httpx - INFO - HTTP Request: POST https://api.telegram.org/bot8067228135:AAFVhUKTZXosDAm4SvoKAKtuzBrm2kcPdlI/getUpdates "HTTP/1.1 200 OK"
2025-07-21 11:28:16,935 - httpx - INFO - HTTP Request: POST https://api.telegram.org/bot8067228135:AAFVhUKTZXosDAm4SvoKAKtuzBrm2kcPdlI/getUpdates "HTTP/1.1 200 OK"
2025-07-21 11:28:26,995 - httpx - INFO - HTTP Request: POST https://api.telegram.org/bot8067228135:AAFVhUKTZXosDAm4SvoKAKtuzBrm2kcPdlI/getUpdates "HTTP/1.1 200 OK"
2025-07-21 11:28:37,285 - httpx - INFO - HTTP Request: POST https://api.telegram.org/bot8067228135:AAFVhUKTZXosDAm4SvoKAKtuzBrm2kcPdlI/getUpdates "HTTP/1.1 200 OK"
2025-07-21 11:28:47,688 - httpx - INFO - HTTP Request: POST https://api.telegram.org/bot8067228135:AAFVhUKTZXosDAm4SvoKAKtuzBrm2kcPdlI/getUpdates "HTTP/1.1 200 OK"
2025-07-21 11:28:57,717 - httpx - INFO - HTTP Request: POST https://api.telegram.org/bot8067228135:AAFVhUKTZXosDAm4SvoKAKtuzBrm2kcPdlI/getUpdates "HTTP/1.1 200 OK"
2025-07-21 11:29:08,016 - httpx - INFO - HTTP Request: POST https://api.telegram.org/bot8067228135:AAFVhUKTZXosDAm4SvoKAKtuzBrm2kcPdlI/getUpdates "HTTP/1.1 200 OK"
2025-07-21 11:29:18,406 - httpx - INFO - HTTP Request: POST https://api.telegram.org/bot8067228135:AAFVhUKTZXosDAm4SvoKAKtuzBrm2kcPdlI/getUpdates "HTTP/1.1 200 OK"
2025-07-21 11:29:28,427 - httpx - INFO - HTTP Request: POST https://api.telegram.org/bot8067228135:AAFVhUKTZXosDAm4SvoKAKtuzBrm2kcPdlI/getUpdates "HTTP/1.1 200 OK"
2025-07-21 11:29:38,733 - httpx - INFO - HTTP Request: POST https://api.telegram.org/bot8067228135:AAFVhUKTZXosDAm4SvoKAKtuzBrm2kcPdlI/getUpdates "HTTP/1.1 200 OK"
2025-07-21 11:29:49,129 - httpx - INFO - HTTP Request: POST https://api.telegram.org/bot8067228135:AAFVhUKTZXosDAm4SvoKAKtuzBrm2kcPdlI/getUpdates "HTTP/1.1 200 OK"
2025-07-21 11:29:59,130 - httpx - INFO - HTTP Request: POST https://api.telegram.org/bot8067228135:AAFVhUKTZXosDAm4SvoKAKtuzBrm2kcPdlI/getUpdates "HTTP/1.1 200 OK"
2025-07-21 11:30:09,448 - httpx - INFO - HTTP Request: POST https://api.telegram.org/bot8067228135:AAFVhUKTZXosDAm4SvoKAKtuzBrm2kcPdlI/getUpdates "HTTP/1.1 200 OK"
2025-07-21 11:30:19,841 - httpx - INFO - HTTP Request: POST https://api.telegram.org/bot8067228135:AAFVhUKTZXosDAm4SvoKAKtuzBrm2kcPdlI/getUpdates "HTTP/1.1 200 OK"
2025-07-21 11:30:29,833 - httpx - INFO - HTTP Request: POST https://api.telegram.org/bot8067228135:AAFVhUKTZXosDAm4SvoKAKtuzBrm2kcPdlI/getUpdates "HTTP/1.1 200 OK"
2025-07-21 11:30:40,168 - httpx - INFO - HTTP Request: POST https://api.telegram.org/bot8067228135:AAFVhUKTZXosDAm4SvoKAKtuzBrm2kcPdlI/getUpdates "HTTP/1.1 200 OK"
2025-07-21 11:30:50,412 - httpx - INFO - HTTP Request: POST https://api.telegram.org/bot8067228135:AAFVhUKTZXosDAm4SvoKAKtuzBrm2kcPdlI/getUpdates "HTTP/1.1 200 OK"
2025-07-21 11:31:00,561 - httpx - INFO - HTTP Request: POST https://api.telegram.org/bot8067228135:AAFVhUKTZXosDAm4SvoKAKtuzBrm2kcPdlI/getUpdates "HTTP/1.1 200 OK"
2025-07-21 11:31:10,905 - httpx - INFO - HTTP Request: POST https://api.telegram.org/bot8067228135:AAFVhUKTZXosDAm4SvoKAKtuzBrm2kcPdlI/getUpdates "HTTP/1.1 200 OK"
2025-07-21 11:31:21,105 - httpx - INFO - HTTP Request: POST https://api.telegram.org/bot8067228135:AAFVhUKTZXosDAm4SvoKAKtuzBrm2kcPdlI/getUpdates "HTTP/1.1 200 OK"
2025-07-21 11:31:31,269 - httpx - INFO - HTTP Request: POST https://api.telegram.org/bot8067228135:AAFVhUKTZXosDAm4SvoKAKtuzBrm2kcPdlI/getUpdates "HTTP/1.1 200 OK"
2025-07-21 11:31:41,622 - httpx - INFO - HTTP Request: POST https://api.telegram.org/bot8067228135:AAFVhUKTZXosDAm4SvoKAKtuzBrm2kcPdlI/getUpdates "HTTP/1.1 200 OK"
2025-07-21 11:31:51,799 - httpx - INFO - HTTP Request: POST https://api.telegram.org/bot8067228135:AAFVhUKTZXosDAm4SvoKAKtuzBrm2kcPdlI/getUpdates "HTTP/1.1 200 OK"
2025-07-21 11:32:01,990 - httpx - INFO - HTTP Request: POST https://api.telegram.org/bot8067228135:AAFVhUKTZXosDAm4SvoKAKtuzBrm2kcPdlI/getUpdates "HTTP/1.1 200 OK"
2025-07-21 11:32:12,349 - httpx - INFO - HTTP Request: POST https://api.telegram.org/bot8067228135:AAFVhUKTZXosDAm4SvoKAKtuzBrm2kcPdlI/getUpdates "HTTP/1.1 200 OK"
2025-07-21 11:32:22,490 - httpx - INFO - HTTP Request: POST https://api.telegram.org/bot8067228135:AAFVhUKTZXosDAm4SvoKAKtuzBrm2kcPdlI/getUpdates "HTTP/1.1 200 OK"
2025-07-21 11:32:32,695 - httpx - INFO - HTTP Request: POST https://api.telegram.org/bot8067228135:AAFVhUKTZXosDAm4SvoKAKtuzBrm2kcPdlI/getUpdates "HTTP/1.1 200 OK"
2025-07-21 11:32:43,066 - httpx - INFO - HTTP Request: POST https://api.telegram.org/bot8067228135:AAFVhUKTZXosDAm4SvoKAKtuzBrm2kcPdlI/getUpdates "HTTP/1.1 200 OK"
2025-07-21 11:32:52,929 - httpx - INFO - HTTP Request: POST https://api.telegram.org/bot8067228135:AAFVhUKTZXosDAm4SvoKAKtuzBrm2kcPdlI/getUpdates "HTTP/1.1 200 OK"
2025-07-21 11:33:03,349 - httpx - INFO - HTTP Request: POST https://api.telegram.org/bot8067228135:AAFVhUKTZXosDAm4SvoKAKtuzBrm2kcPdlI/getUpdates "HTTP/1.1 200 OK"
2025-07-21 11:33:13,768 - httpx - INFO - HTTP Request: POST https://api.telegram.org/bot8067228135:AAFVhUKTZXosDAm4SvoKAKtuzBrm2kcPdlI/getUpdates "HTTP/1.1 200 OK"
2025-07-21 11:33:23,864 - httpx - INFO - HTTP Request: POST https://api.telegram.org/bot8067228135:AAFVhUKTZXosDAm4SvoKAKtuzBrm2kcPdlI/getUpdates "HTTP/1.1 200 OK"
2025-07-21 11:33:34,131 - httpx - INFO - HTTP Request: POST https://api.telegram.org/bot8067228135:AAFVhUKTZXosDAm4SvoKAKtuzBrm2kcPdlI/getUpdates "HTTP/1.1 200 OK"
2025-07-21 11:33:44,510 - httpx - INFO - HTTP Request: POST https://api.telegram.org/bot8067228135:AAFVhUKTZXosDAm4SvoKAKtuzBrm2kcPdlI/getUpdates "HTTP/1.1 200 OK"
2025-07-21 11:33:54,376 - httpx - INFO - HTTP Request: POST https://api.telegram.org/bot8067228135:AAFVhUKTZXosDAm4SvoKAKtuzBrm2kcPdlI/getUpdates "HTTP/1.1 200 OK"
2025-07-21 11:34:04,810 - httpx - INFO - HTTP Request: POST https://api.telegram.org/bot8067228135:AAFVhUKTZXosDAm4SvoKAKtuzBrm2kcPdlI/getUpdates "HTTP/1.1 200 OK"
2025-07-21 11:34:15,269 - httpx - INFO - HTTP Request: POST https://api.telegram.org/bot8067228135:AAFVhUKTZXosDAm4SvoKAKtuzBrm2kcPdlI/getUpdates "HTTP/1.1 200 OK"
2025-07-21 11:34:25,306 - httpx - INFO - HTTP Request: POST https://api.telegram.org/bot8067228135:AAFVhUKTZXosDAm4SvoKAKtuzBrm2kcPdlI/getUpdates "HTTP/1.1 200 OK"
2025-07-21 11:34:35,600 - httpx - INFO - HTTP Request: POST https://api.telegram.org/bot8067228135:AAFVhUKTZXosDAm4SvoKAKtuzBrm2kcPdlI/getUpdates "HTTP/1.1 200 OK"
2025-07-21 11:34:46,006 - httpx - INFO - HTTP Request: POST https://api.telegram.org/bot8067228135:AAFVhUKTZXosDAm4SvoKAKtuzBrm2kcPdlI/getUpdates "HTTP/1.1 200 OK"
2025-07-21 11:34:55,899 - httpx - INFO - HTTP Request: POST https://api.telegram.org/bot8067228135:AAFVhUKTZXosDAm4SvoKAKtuzBrm2kcPdlI/getUpdates "HTTP/1.1 200 OK"
2025-07-21 11:35:06,318 - httpx - INFO - HTTP Request: POST https://api.telegram.org/bot8067228135:AAFVhUKTZXosDAm4SvoKAKtuzBrm2kcPdlI/getUpdates "HTTP/1.1 200 OK"
2025-07-21 11:35:16,742 - httpx - INFO - HTTP Request: POST https://api.telegram.org/bot8067228135:AAFVhUKTZXosDAm4SvoKAKtuzBrm2kcPdlI/getUpdates "HTTP/1.1 200 OK"
2025-07-21 11:35:26,624 - httpx - INFO - HTTP Request: POST https://api.telegram.org/bot8067228135:AAFVhUKTZXosDAm4SvoKAKtuzBrm2kcPdlI/getUpdates "HTTP/1.1 200 OK"
2025-07-21 11:35:37,046 - httpx - INFO - HTTP Request: POST https://api.telegram.org/bot8067228135:AAFVhUKTZXosDAm4SvoKAKtuzBrm2kcPdlI/getUpdates "HTTP/1.1 200 OK"
2025-07-21 11:35:46,924 - httpx - INFO - HTTP Request: POST https://api.telegram.org/bot8067228135:AAFVhUKTZXosDAm4SvoKAKtuzBrm2kcPdlI/getUpdates "HTTP/1.1 200 OK"
2025-07-21 11:35:57,348 - httpx - INFO - HTTP Request: POST https://api.telegram.org/bot8067228135:AAFVhUKTZXosDAm4SvoKAKtuzBrm2kcPdlI/getUpdates "HTTP/1.1 200 OK"
2025-07-21 11:36:07,829 - httpx - INFO - HTTP Request: POST https://api.telegram.org/bot8067228135:AAFVhUKTZXosDAm4SvoKAKtuzBrm2kcPdlI/getUpdates "HTTP/1.1 200 OK"
2025-07-21 11:36:18,005 - httpx - INFO - HTTP Request: POST https://api.telegram.org/bot8067228135:AAFVhUKTZXosDAm4SvoKAKtuzBrm2kcPdlI/getUpdates "HTTP/1.1 200 OK"
2025-07-21 11:36:28,189 - httpx - INFO - HTTP Request: POST https://api.telegram.org/bot8067228135:AAFVhUKTZXosDAm4SvoKAKtuzBrm2kcPdlI/getUpdates "HTTP/1.1 200 OK"
2025-07-21 11:36:38,547 - httpx - INFO - HTTP Request: POST https://api.telegram.org/bot8067228135:AAFVhUKTZXosDAm4SvoKAKtuzBrm2kcPdlI/getUpdates "HTTP/1.1 200 OK"
2025-07-21 11:36:48,402 - httpx - INFO - HTTP Request: POST https://api.telegram.org/bot8067228135:AAFVhUKTZXosDAm4SvoKAKtuzBrm2kcPdlI/getUpdates "HTTP/1.1 200 OK"
2025-07-21 11:36:59,334 - httpx - INFO - HTTP Request: POST https://api.telegram.org/bot8067228135:AAFVhUKTZXosDAm4SvoKAKtuzBrm2kcPdlI/getUpdates "HTTP/1.1 200 OK"
2025-07-21 11:37:09,766 - httpx - INFO - HTTP Request: POST https://api.telegram.org/bot8067228135:AAFVhUKTZXosDAm4SvoKAKtuzBrm2kcPdlI/getUpdates "HTTP/1.1 200 OK"
2025-07-21 11:37:19,648 - httpx - INFO - HTTP Request: POST https://api.telegram.org/bot8067228135:AAFVhUKTZXosDAm4SvoKAKtuzBrm2kcPdlI/getUpdates "HTTP/1.1 200 OK"
2025-07-21 11:37:30,079 - httpx - INFO - HTTP Request: POST https://api.telegram.org/bot8067228135:AAFVhUKTZXosDAm4SvoKAKtuzBrm2kcPdlI/getUpdates "HTTP/1.1 200 OK"
2025-07-21 11:37:40,523 - httpx - INFO - HTTP Request: POST https://api.telegram.org/bot8067228135:AAFVhUKTZXosDAm4SvoKAKtuzBrm2kcPdlI/getUpdates "HTTP/1.1 200 OK"
2025-07-21 11:37:50,400 - httpx - INFO - HTTP Request: POST https://api.telegram.org/bot8067228135:AAFVhUKTZXosDAm4SvoKAKtuzBrm2kcPdlI/getUpdates "HTTP/1.1 200 OK"
2025-07-21 11:38:00,831 - httpx - INFO - HTTP Request: POST https://api.telegram.org/bot8067228135:AAFVhUKTZXosDAm4SvoKAKtuzBrm2kcPdlI/getUpdates "HTTP/1.1 200 OK"
2025-07-21 11:38:11,267 - httpx - INFO - HTTP Request: POST https://api.telegram.org/bot8067228135:AAFVhUKTZXosDAm4SvoKAKtuzBrm2kcPdlI/getUpdates "HTTP/1.1 200 OK"
2025-07-21 11:38:21,148 - httpx - INFO - HTTP Request: POST https://api.telegram.org/bot8067228135:AAFVhUKTZXosDAm4SvoKAKtuzBrm2kcPdlI/getUpdates "HTTP/1.1 200 OK"
2025-07-21 11:38:31,637 - httpx - INFO - HTTP Request: POST https://api.telegram.org/bot8067228135:AAFVhUKTZXosDAm4SvoKAKtuzBrm2kcPdlI/getUpdates "HTTP/1.1 200 OK"
2025-07-21 11:38:42,137 - httpx - INFO - HTTP Request: POST https://api.telegram.org/bot8067228135:AAFVhUKTZXosDAm4SvoKAKtuzBrm2kcPdlI/getUpdates "HTTP/1.1 200 OK"
2025-07-21 11:38:51,879 - httpx - INFO - HTTP Request: POST https://api.telegram.org/bot8067228135:AAFVhUKTZXosDAm4SvoKAKtuzBrm2kcPdlI/getUpdates "HTTP/1.1 200 OK"
2025-07-21 11:39:02,397 - httpx - INFO - HTTP Request: POST https://api.telegram.org/bot8067228135:AAFVhUKTZXosDAm4SvoKAKtuzBrm2kcPdlI/getUpdates "HTTP/1.1 200 OK"
2025-07-21 11:39:12,865 - httpx - INFO - HTTP Request: POST https://api.telegram.org/bot8067228135:AAFVhUKTZXosDAm4SvoKAKtuzBrm2kcPdlI/getUpdates "HTTP/1.1 200 OK"
2025-07-21 11:39:22,683 - httpx - INFO - HTTP Request: POST https://api.telegram.org/bot8067228135:AAFVhUKTZXosDAm4SvoKAKtuzBrm2kcPdlI/getUpdates "HTTP/1.1 200 OK"
2025-07-21 11:39:33,114 - httpx - INFO - HTTP Request: POST https://api.telegram.org/bot8067228135:AAFVhUKTZXosDAm4SvoKAKtuzBrm2kcPdlI/getUpdates "HTTP/1.1 200 OK"
2025-07-21 11:39:43,002 - httpx - INFO - HTTP Request: POST https://api.telegram.org/bot8067228135:AAFVhUKTZXosDAm4SvoKAKtuzBrm2kcPdlI/getUpdates "HTTP/1.1 200 OK"
2025-07-21 11:39:53,455 - httpx - INFO - HTTP Request: POST https://api.telegram.org/bot8067228135:AAFVhUKTZXosDAm4SvoKAKtuzBrm2kcPdlI/getUpdates "HTTP/1.1 200 OK"
2025-07-21 11:40:03,923 - httpx - INFO - HTTP Request: POST https://api.telegram.org/bot8067228135:AAFVhUKTZXosDAm4SvoKAKtuzBrm2kcPdlI/getUpdates "HTTP/1.1 200 OK"
2025-07-21 11:40:13,787 - httpx - INFO - HTTP Request: POST https://api.telegram.org/bot8067228135:AAFVhUKTZXosDAm4SvoKAKtuzBrm2kcPdlI/getUpdates "HTTP/1.1 200 OK"
2025-07-21 11:40:24,231 - httpx - INFO - HTTP Request: POST https://api.telegram.org/bot8067228135:AAFVhUKTZXosDAm4SvoKAKtuzBrm2kcPdlI/getUpdates "HTTP/1.1 200 OK"
2025-07-21 11:40:34,679 - httpx - INFO - HTTP Request: POST https://api.telegram.org/bot8067228135:AAFVhUKTZXosDAm4SvoKAKtuzBrm2kcPdlI/getUpdates "HTTP/1.1 200 OK"
2025-07-21 11:40:44,535 - httpx - INFO - HTTP Request: POST https://api.telegram.org/bot8067228135:AAFVhUKTZXosDAm4SvoKAKtuzBrm2kcPdlI/getUpdates "HTTP/1.1 200 OK"
2025-07-21 11:40:54,976 - httpx - INFO - HTTP Request: POST https://api.telegram.org/bot8067228135:AAFVhUKTZXosDAm4SvoKAKtuzBrm2kcPdlI/getUpdates "HTTP/1.1 200 OK"
2025-07-21 11:41:05,423 - httpx - INFO - HTTP Request: POST https://api.telegram.org/bot8067228135:AAFVhUKTZXosDAm4SvoKAKtuzBrm2kcPdlI/getUpdates "HTTP/1.1 200 OK"
2025-07-21 11:41:15,285 - httpx - INFO - HTTP Request: POST https://api.telegram.org/bot8067228135:AAFVhUKTZXosDAm4SvoKAKtuzBrm2kcPdlI/getUpdates "HTTP/1.1 200 OK"
2025-07-21 11:41:25,731 - httpx - INFO - HTTP Request: POST https://api.telegram.org/bot8067228135:AAFVhUKTZXosDAm4SvoKAKtuzBrm2kcPdlI/getUpdates "HTTP/1.1 200 OK"
2025-07-21 11:41:36,187 - httpx - INFO - HTTP Request: POST https://api.telegram.org/bot8067228135:AAFVhUKTZXosDAm4SvoKAKtuzBrm2kcPdlI/getUpdates "HTTP/1.1 200 OK"
2025-07-21 11:41:46,024 - httpx - INFO - HTTP Request: POST https://api.telegram.org/bot8067228135:AAFVhUKTZXosDAm4SvoKAKtuzBrm2kcPdlI/getUpdates "HTTP/1.1 200 OK"
2025-07-21 11:41:56,480 - httpx - INFO - HTTP Request: POST https://api.telegram.org/bot8067228135:AAFVhUKTZXosDAm4SvoKAKtuzBrm2kcPdlI/getUpdates "HTTP/1.1 200 OK"
2025-07-21 11:42:06,928 - httpx - INFO - HTTP Request: POST https://api.telegram.org/bot8067228135:AAFVhUKTZXosDAm4SvoKAKtuzBrm2kcPdlI/getUpdates "HTTP/1.1 200 OK"
2025-07-21 11:42:16,781 - httpx - INFO - HTTP Request: POST https://api.telegram.org/bot8067228135:AAFVhUKTZXosDAm4SvoKAKtuzBrm2kcPdlI/getUpdates "HTTP/1.1 200 OK"
2025-07-21 11:42:27,230 - httpx - INFO - HTTP Request: POST https://api.telegram.org/bot8067228135:AAFVhUKTZXosDAm4SvoKAKtuzBrm2kcPdlI/getUpdates "HTTP/1.1 200 OK"
2025-07-21 11:42:37,672 - httpx - INFO - HTTP Request: POST https://api.telegram.org/bot8067228135:AAFVhUKTZXosDAm4SvoKAKtuzBrm2kcPdlI/getUpdates "HTTP/1.1 200 OK"
2025-07-21 11:42:47,546 - httpx - INFO - HTTP Request: POST https://api.telegram.org/bot8067228135:AAFVhUKTZXosDAm4SvoKAKtuzBrm2kcPdlI/getUpdates "HTTP/1.1 200 OK"
2025-07-21 11:42:57,998 - httpx - INFO - HTTP Request: POST https://api.telegram.org/bot8067228135:AAFVhUKTZXosDAm4SvoKAKtuzBrm2kcPdlI/getUpdates "HTTP/1.1 200 OK"
2025-07-21 11:43:08,495 - httpx - INFO - HTTP Request: POST https://api.telegram.org/bot8067228135:AAFVhUKTZXosDAm4SvoKAKtuzBrm2kcPdlI/getUpdates "HTTP/1.1 200 OK"
2025-07-21 11:43:18,342 - httpx - INFO - HTTP Request: POST https://api.telegram.org/bot8067228135:AAFVhUKTZXosDAm4SvoKAKtuzBrm2kcPdlI/getUpdates "HTTP/1.1 200 OK"
2025-07-21 11:43:28,905 - httpx - INFO - HTTP Request: POST https://api.telegram.org/bot8067228135:AAFVhUKTZXosDAm4SvoKAKtuzBrm2kcPdlI/getUpdates "HTTP/1.1 200 OK"
2025-07-21 11:43:38,674 - httpx - INFO - HTTP Request: POST https://api.telegram.org/bot8067228135:AAFVhUKTZXosDAm4SvoKAKtuzBrm2kcPdlI/getUpdates "HTTP/1.1 200 OK"
2025-07-21 11:43:49,119 - httpx - INFO - HTTP Request: POST https://api.telegram.org/bot8067228135:AAFVhUKTZXosDAm4SvoKAKtuzBrm2kcPdlI/getUpdates "HTTP/1.1 200 OK"
2025-07-21 11:43:59,568 - httpx - INFO - HTTP Request: POST https://api.telegram.org/bot8067228135:AAFVhUKTZXosDAm4SvoKAKtuzBrm2kcPdlI/getUpdates "HTTP/1.1 200 OK"
2025-07-21 11:44:09,413 - httpx - INFO - HTTP Request: POST https://api.telegram.org/bot8067228135:AAFVhUKTZXosDAm4SvoKAKtuzBrm2kcPdlI/getUpdates "HTTP/1.1 200 OK"
2025-07-21 11:44:19,870 - httpx - INFO - HTTP Request: POST https://api.telegram.org/bot8067228135:AAFVhUKTZXosDAm4SvoKAKtuzBrm2kcPdlI/getUpdates "HTTP/1.1 200 OK"
2025-07-21 11:44:30,320 - httpx - INFO - HTTP Request: POST https://api.telegram.org/bot8067228135:AAFVhUKTZXosDAm4SvoKAKtuzBrm2kcPdlI/getUpdates "HTTP/1.1 200 OK"
2025-07-21 11:44:40,161 - httpx - INFO - HTTP Request: POST https://api.telegram.org/bot8067228135:AAFVhUKTZXosDAm4SvoKAKtuzBrm2kcPdlI/getUpdates "HTTP/1.1 200 OK"
2025-07-21 11:44:50,613 - httpx - INFO - HTTP Request: POST https://api.telegram.org/bot8067228135:AAFVhUKTZXosDAm4SvoKAKtuzBrm2kcPdlI/getUpdates "HTTP/1.1 200 OK"
2025-07-21 11:45:01,106 - httpx - INFO - HTTP Request: POST https://api.telegram.org/bot8067228135:AAFVhUKTZXosDAm4SvoKAKtuzBrm2kcPdlI/getUpdates "HTTP/1.1 200 OK"
2025-07-21 11:45:10,947 - httpx - INFO - HTTP Request: POST https://api.telegram.org/bot8067228135:AAFVhUKTZXosDAm4SvoKAKtuzBrm2kcPdlI/getUpdates "HTTP/1.1 200 OK"
2025-07-21 11:45:21,400 - httpx - INFO - HTTP Request: POST https://api.telegram.org/bot8067228135:AAFVhUKTZXosDAm4SvoKAKtuzBrm2kcPdlI/getUpdates "HTTP/1.1 200 OK"
2025-07-21 11:45:31,854 - httpx - INFO - HTTP Request: POST https://api.telegram.org/bot8067228135:AAFVhUKTZXosDAm4SvoKAKtuzBrm2kcPdlI/getUpdates "HTTP/1.1 200 OK"
2025-07-21 11:45:41,699 - httpx - INFO - HTTP Request: POST https://api.telegram.org/bot8067228135:AAFVhUKTZXosDAm4SvoKAKtuzBrm2kcPdlI/getUpdates "HTTP/1.1 200 OK"
2025-07-21 11:45:52,159 - httpx - INFO - HTTP Request: POST https://api.telegram.org/bot8067228135:AAFVhUKTZXosDAm4SvoKAKtuzBrm2kcPdlI/getUpdates "HTTP/1.1 200 OK"
2025-07-21 11:46:02,620 - httpx - INFO - HTTP Request: POST https://api.telegram.org/bot8067228135:AAFVhUKTZXosDAm4SvoKAKtuzBrm2kcPdlI/getUpdates "HTTP/1.1 200 OK"
2025-07-21 11:46:12,436 - httpx - INFO - HTTP Request: POST https://api.telegram.org/bot8067228135:AAFVhUKTZXosDAm4SvoKAKtuzBrm2kcPdlI/getUpdates "HTTP/1.1 200 OK"
2025-07-21 11:46:22,889 - httpx - INFO - HTTP Request: POST https://api.telegram.org/bot8067228135:AAFVhUKTZXosDAm4SvoKAKtuzBrm2kcPdlI/getUpdates "HTTP/1.1 200 OK"
2025-07-21 11:46:33,348 - httpx - INFO - HTTP Request: POST https://api.telegram.org/bot8067228135:AAFVhUKTZXosDAm4SvoKAKtuzBrm2kcPdlI/getUpdates "HTTP/1.1 200 OK"
2025-07-21 11:46:43,195 - httpx - INFO - HTTP Request: POST https://api.telegram.org/bot8067228135:AAFVhUKTZXosDAm4SvoKAKtuzBrm2kcPdlI/getUpdates "HTTP/1.1 200 OK"
2025-07-21 11:46:53,649 - httpx - INFO - HTTP Request: POST https://api.telegram.org/bot8067228135:AAFVhUKTZXosDAm4SvoKAKtuzBrm2kcPdlI/getUpdates "HTTP/1.1 200 OK"
2025-07-21 11:47:03,492 - httpx - INFO - HTTP Request: POST https://api.telegram.org/bot8067228135:AAFVhUKTZXosDAm4SvoKAKtuzBrm2kcPdlI/getUpdates "HTTP/1.1 200 OK"
2025-07-21 11:47:13,945 - httpx - INFO - HTTP Request: POST https://api.telegram.org/bot8067228135:AAFVhUKTZXosDAm4SvoKAKtuzBrm2kcPdlI/getUpdates "HTTP/1.1 200 OK"
2025-07-21 11:47:23,788 - httpx - INFO - HTTP Request: POST https://api.telegram.org/bot8067228135:AAFVhUKTZXosDAm4SvoKAKtuzBrm2kcPdlI/getUpdates "HTTP/1.1 200 OK"
2025-07-21 11:47:24,709 - httpx - INFO - HTTP Request: POST https://api.telegram.org/bot8067228135:AAFVhUKTZXosDAm4SvoKAKtuzBrm2kcPdlI/sendMessage "HTTP/1.1 200 OK"
2025-07-21 11:47:33,630 - httpx - INFO - HTTP Request: POST https://api.telegram.org/bot8067228135:AAFVhUKTZXosDAm4SvoKAKtuzBrm2kcPdlI/getUpdates "HTTP/1.1 200 OK"
2025-07-21 11:47:35,670 - httpx - INFO - HTTP Request: POST https://api.telegram.org/bot8067228135:AAFVhUKTZXosDAm4SvoKAKtuzBrm2kcPdlI/getUpdates "HTTP/1.1 200 OK"
2025-07-21 11:47:36,608 - httpx - INFO - HTTP Request: POST https://api.telegram.org/bot8067228135:AAFVhUKTZXosDAm4SvoKAKtuzBrm2kcPdlI/sendMessage "HTTP/1.1 200 OK"
2025-07-21 11:47:46,162 - httpx - INFO - HTTP Request: POST https://api.telegram.org/bot8067228135:AAFVhUKTZXosDAm4SvoKAKtuzBrm2kcPdlI/getUpdates "HTTP/1.1 200 OK"
2025-07-21 11:47:50,533 - httpx - INFO - HTTP Request: POST https://api.telegram.org/bot8067228135:AAFVhUKTZXosDAm4SvoKAKtuzBrm2kcPdlI/getUpdates "HTTP/1.1 200 OK"
2025-07-21 11:47:51,475 - httpx - INFO - HTTP Request: POST https://api.telegram.org/bot8067228135:AAFVhUKTZXosDAm4SvoKAKtuzBrm2kcPdlI/sendMessage "HTTP/1.1 200 OK"
2025-07-21 11:48:01,001 - httpx - INFO - HTTP Request: POST https://api.telegram.org/bot8067228135:AAFVhUKTZXosDAm4SvoKAKtuzBrm2kcPdlI/getUpdates "HTTP/1.1 200 OK"
2025-07-21 11:48:10,767 - httpx - INFO - HTTP Request: POST https://api.telegram.org/bot8067228135:AAFVhUKTZXosDAm4SvoKAKtuzBrm2kcPdlI/getUpdates "HTTP/1.1 200 OK"
2025-07-21 11:48:21,290 - httpx - INFO - HTTP Request: POST https://api.telegram.org/bot8067228135:AAFVhUKTZXosDAm4SvoKAKtuzBrm2kcPdlI/getUpdates "HTTP/1.1 200 OK"
2025-07-21 11:48:31,472 - httpx - INFO - HTTP Request: POST https://api.telegram.org/bot8067228135:AAFVhUKTZXosDAm4SvoKAKtuzBrm2kcPdlI/getUpdates "HTTP/1.1 200 OK"
2025-07-21 11:48:41,446 - httpx - INFO - HTTP Request: POST https://api.telegram.org/bot8067228135:AAFVhUKTZXosDAm4SvoKAKtuzBrm2kcPdlI/getUpdates "HTTP/1.1 200 OK"
2025-07-21 11:48:51,970 - httpx - INFO - HTTP Request: POST https://api.telegram.org/bot8067228135:AAFVhUKTZXosDAm4SvoKAKtuzBrm2kcPdlI/getUpdates "HTTP/1.1 200 OK"
2025-07-21 11:49:01,806 - httpx - INFO - HTTP Request: POST https://api.telegram.org/bot8067228135:AAFVhUKTZXosDAm4SvoKAKtuzBrm2kcPdlI/getUpdates "HTTP/1.1 200 OK"
2025-07-21 11:49:12,258 - httpx - INFO - HTTP Request: POST https://api.telegram.org/bot8067228135:AAFVhUKTZXosDAm4SvoKAKtuzBrm2kcPdlI/getUpdates "HTTP/1.1 200 OK"
2025-07-21 11:49:22,722 - httpx - INFO - HTTP Request: POST https://api.telegram.org/bot8067228135:AAFVhUKTZXosDAm4SvoKAKtuzBrm2kcPdlI/getUpdates "HTTP/1.1 200 OK"
2025-07-21 11:49:32,681 - httpx - INFO - HTTP Request: POST https://api.telegram.org/bot8067228135:AAFVhUKTZXosDAm4SvoKAKtuzBrm2kcPdlI/getUpdates "HTTP/1.1 200 OK"
2025-07-21 11:49:43,166 - httpx - INFO - HTTP Request: POST https://api.telegram.org/bot8067228135:AAFVhUKTZXosDAm4SvoKAKtuzBrm2kcPdlI/getUpdates "HTTP/1.1 200 OK"
2025-07-21 11:49:53,669 - httpx - INFO - HTTP Request: POST https://api.telegram.org/bot8067228135:AAFVhUKTZXosDAm4SvoKAKtuzBrm2kcPdlI/getUpdates "HTTP/1.1 200 OK"
2025-07-21 11:50:03,430 - httpx - INFO - HTTP Request: POST https://api.telegram.org/bot8067228135:AAFVhUKTZXosDAm4SvoKAKtuzBrm2kcPdlI/getUpdates "HTTP/1.1 200 OK"
2025-07-21 11:50:13,899 - httpx - INFO - HTTP Request: POST https://api.telegram.org/bot8067228135:AAFVhUKTZXosDAm4SvoKAKtuzBrm2kcPdlI/getUpdates "HTTP/1.1 200 OK"
2025-07-21 11:50:24,383 - httpx - INFO - HTTP Request: POST https://api.telegram.org/bot8067228135:AAFVhUKTZXosDAm4SvoKAKtuzBrm2kcPdlI/getUpdates "HTTP/1.1 200 OK"
2025-07-21 11:50:34,182 - httpx - INFO - HTTP Request: POST https://api.telegram.org/bot8067228135:AAFVhUKTZXosDAm4SvoKAKtuzBrm2kcPdlI/getUpdates "HTTP/1.1 200 OK"
2025-07-21 11:50:44,657 - httpx - INFO - HTTP Request: POST https://api.telegram.org/bot8067228135:AAFVhUKTZXosDAm4SvoKAKtuzBrm2kcPdlI/getUpdates "HTTP/1.1 200 OK"
2025-07-21 11:50:55,138 - httpx - INFO - HTTP Request: POST https://api.telegram.org/bot8067228135:AAFVhUKTZXosDAm4SvoKAKtuzBrm2kcPdlI/getUpdates "HTTP/1.1 200 OK"
2025-07-21 11:51:04,923 - httpx - INFO - HTTP Request: POST https://api.telegram.org/bot8067228135:AAFVhUKTZXosDAm4SvoKAKtuzBrm2kcPdlI/getUpdates "HTTP/1.1 200 OK"
2025-07-21 11:51:15,421 - httpx - INFO - HTTP Request: POST https://api.telegram.org/bot8067228135:AAFVhUKTZXosDAm4SvoKAKtuzBrm2kcPdlI/getUpdates "HTTP/1.1 200 OK"
2025-07-21 11:51:25,903 - httpx - INFO - HTTP Request: POST https://api.telegram.org/bot8067228135:AAFVhUKTZXosDAm4SvoKAKtuzBrm2kcPdlI/getUpdates "HTTP/1.1 200 OK"
2025-07-21 11:51:35,670 - httpx - INFO - HTTP Request: POST https://api.telegram.org/bot8067228135:AAFVhUKTZXosDAm4SvoKAKtuzBrm2kcPdlI/getUpdates "HTTP/1.1 200 OK"
2025-07-21 11:51:46,177 - httpx - INFO - HTTP Request: POST https://api.telegram.org/bot8067228135:AAFVhUKTZXosDAm4SvoKAKtuzBrm2kcPdlI/getUpdates "HTTP/1.1 200 OK"
2025-07-21 11:51:56,655 - httpx - INFO - HTTP Request: POST https://api.telegram.org/bot8067228135:AAFVhUKTZXosDAm4SvoKAKtuzBrm2kcPdlI/getUpdates "HTTP/1.1 200 OK"
2025-07-21 11:52:06,452 - httpx - INFO - HTTP Request: POST https://api.telegram.org/bot8067228135:AAFVhUKTZXosDAm4SvoKAKtuzBrm2kcPdlI/getUpdates "HTTP/1.1 200 OK"
2025-07-21 11:52:16,930 - httpx - INFO - HTTP Request: POST https://api.telegram.org/bot8067228135:AAFVhUKTZXosDAm4SvoKAKtuzBrm2kcPdlI/getUpdates "HTTP/1.1 200 OK"
2025-07-21 11:52:26,723 - httpx - INFO - HTTP Request: POST https://api.telegram.org/bot8067228135:AAFVhUKTZXosDAm4SvoKAKtuzBrm2kcPdlI/getUpdates "HTTP/1.1 200 OK"
2025-07-21 11:52:37,196 - httpx - INFO - HTTP Request: POST https://api.telegram.org/bot8067228135:AAFVhUKTZXosDAm4SvoKAKtuzBrm2kcPdlI/getUpdates "HTTP/1.1 200 OK"
2025-07-21 11:52:47,697 - httpx - INFO - HTTP Request: POST https://api.telegram.org/bot8067228135:AAFVhUKTZXosDAm4SvoKAKtuzBrm2kcPdlI/getUpdates "HTTP/1.1 200 OK"
2025-07-21 11:52:57,474 - httpx - INFO - HTTP Request: POST https://api.telegram.org/bot8067228135:AAFVhUKTZXosDAm4SvoKAKtuzBrm2kcPdlI/getUpdates "HTTP/1.1 200 OK"
2025-07-21 11:53:07,946 - httpx - INFO - HTTP Request: POST https://api.telegram.org/bot8067228135:AAFVhUKTZXosDAm4SvoKAKtuzBrm2kcPdlI/getUpdates "HTTP/1.1 200 OK"
2025-07-21 11:53:18,429 - httpx - INFO - HTTP Request: POST https://api.telegram.org/bot8067228135:AAFVhUKTZXosDAm4SvoKAKtuzBrm2kcPdlI/getUpdates "HTTP/1.1 200 OK"
2025-07-21 11:53:28,225 - httpx - INFO - HTTP Request: POST https://api.telegram.org/bot8067228135:AAFVhUKTZXosDAm4SvoKAKtuzBrm2kcPdlI/getUpdates "HTTP/1.1 200 OK"
2025-07-21 11:53:38,706 - httpx - INFO - HTTP Request: POST https://api.telegram.org/bot8067228135:AAFVhUKTZXosDAm4SvoKAKtuzBrm2kcPdlI/getUpdates "HTTP/1.1 200 OK"
2025-07-21 11:53:49,691 - httpx - INFO - HTTP Request: POST https://api.telegram.org/bot8067228135:AAFVhUKTZXosDAm4SvoKAKtuzBrm2kcPdlI/getUpdates "HTTP/1.1 200 OK"
2025-07-21 11:53:59,468 - httpx - INFO - HTTP Request: POST https://api.telegram.org/bot8067228135:AAFVhUKTZXosDAm4SvoKAKtuzBrm2kcPdlI/getUpdates "HTTP/1.1 200 OK"
2025-07-21 11:54:09,969 - httpx - INFO - HTTP Request: POST https://api.telegram.org/bot8067228135:AAFVhUKTZXosDAm4SvoKAKtuzBrm2kcPdlI/getUpdates "HTTP/1.1 200 OK"
2025-07-21 11:54:20,465 - httpx - INFO - HTTP Request: POST https://api.telegram.org/bot8067228135:AAFVhUKTZXosDAm4SvoKAKtuzBrm2kcPdlI/getUpdates "HTTP/1.1 200 OK"
2025-07-21 11:54:30,244 - httpx - INFO - HTTP Request: POST https://api.telegram.org/bot8067228135:AAFVhUKTZXosDAm4SvoKAKtuzBrm2kcPdlI/getUpdates "HTTP/1.1 200 OK"
2025-07-21 11:54:40,732 - httpx - INFO - HTTP Request: POST https://api.telegram.org/bot8067228135:AAFVhUKTZXosDAm4SvoKAKtuzBrm2kcPdlI/getUpdates "HTTP/1.1 200 OK"
2025-07-21 11:54:51,217 - httpx - INFO - HTTP Request: POST https://api.telegram.org/bot8067228135:AAFVhUKTZXosDAm4SvoKAKtuzBrm2kcPdlI/getUpdates "HTTP/1.1 200 OK"
2025-07-21 11:55:01,013 - httpx - INFO - HTTP Request: POST https://api.telegram.org/bot8067228135:AAFVhUKTZXosDAm4SvoKAKtuzBrm2kcPdlI/getUpdates "HTTP/1.1 200 OK"
2025-07-21 11:55:11,536 - httpx - INFO - HTTP Request: POST https://api.telegram.org/bot8067228135:AAFVhUKTZXosDAm4SvoKAKtuzBrm2kcPdlI/getUpdates "HTTP/1.1 200 OK"
2025-07-21 11:55:22,030 - httpx - INFO - HTTP Request: POST https://api.telegram.org/bot8067228135:AAFVhUKTZXosDAm4SvoKAKtuzBrm2kcPdlI/getUpdates "HTTP/1.1 200 OK"
2025-07-21 11:55:31,781 - httpx - INFO - HTTP Request: POST https://api.telegram.org/bot8067228135:AAFVhUKTZXosDAm4SvoKAKtuzBrm2kcPdlI/getUpdates "HTTP/1.1 200 OK"
2025-07-21 11:55:42,301 - httpx - INFO - HTTP Request: POST https://api.telegram.org/bot8067228135:AAFVhUKTZXosDAm4SvoKAKtuzBrm2kcPdlI/getUpdates "HTTP/1.1 200 OK"
2025-07-21 11:55:52,064 - httpx - INFO - HTTP Request: POST https://api.telegram.org/bot8067228135:AAFVhUKTZXosDAm4SvoKAKtuzBrm2kcPdlI/getUpdates "HTTP/1.1 200 OK"
2025-07-21 11:56:02,541 - httpx - INFO - HTTP Request: POST https://api.telegram.org/bot8067228135:AAFVhUKTZXosDAm4SvoKAKtuzBrm2kcPdlI/getUpdates "HTTP/1.1 200 OK"
2025-07-21 11:56:13,019 - httpx - INFO - HTTP Request: POST https://api.telegram.org/bot8067228135:AAFVhUKTZXosDAm4SvoKAKtuzBrm2kcPdlI/getUpdates "HTTP/1.1 200 OK"
2025-07-21 11:56:22,821 - httpx - INFO - HTTP Request: POST https://api.telegram.org/bot8067228135:AAFVhUKTZXosDAm4SvoKAKtuzBrm2kcPdlI/getUpdates "HTTP/1.1 200 OK"
2025-07-21 11:56:33,307 - httpx - INFO - HTTP Request: POST https://api.telegram.org/bot8067228135:AAFVhUKTZXosDAm4SvoKAKtuzBrm2kcPdlI/getUpdates "HTTP/1.1 200 OK"
2025-07-21 11:56:43,791 - httpx - INFO - HTTP Request: POST https://api.telegram.org/bot8067228135:AAFVhUKTZXosDAm4SvoKAKtuzBrm2kcPdlI/getUpdates "HTTP/1.1 200 OK"
2025-07-21 11:56:53,590 - httpx - INFO - HTTP Request: POST https://api.telegram.org/bot8067228135:AAFVhUKTZXosDAm4SvoKAKtuzBrm2kcPdlI/getUpdates "HTTP/1.1 200 OK"
2025-07-21 11:57:04,080 - httpx - INFO - HTTP Request: POST https://api.telegram.org/bot8067228135:AAFVhUKTZXosDAm4SvoKAKtuzBrm2kcPdlI/getUpdates "HTTP/1.1 200 OK"
2025-07-21 11:57:14,562 - httpx - INFO - HTTP Request: POST https://api.telegram.org/bot8067228135:AAFVhUKTZXosDAm4SvoKAKtuzBrm2kcPdlI/getUpdates "HTTP/1.1 200 OK"
2025-07-21 11:57:24,354 - httpx - INFO - HTTP Request: POST https://api.telegram.org/bot8067228135:AAFVhUKTZXosDAm4SvoKAKtuzBrm2kcPdlI/getUpdates "HTTP/1.1 200 OK"
2025-07-21 11:57:34,851 - httpx - INFO - HTTP Request: POST https://api.telegram.org/bot8067228135:AAFVhUKTZXosDAm4SvoKAKtuzBrm2kcPdlI/getUpdates "HTTP/1.1 200 OK"
2025-07-21 11:57:45,333 - httpx - INFO - HTTP Request: POST https://api.telegram.org/bot8067228135:AAFVhUKTZXosDAm4SvoKAKtuzBrm2kcPdlI/getUpdates "HTTP/1.1 200 OK"
2025-07-21 11:57:55,118 - httpx - INFO - HTTP Request: POST https://api.telegram.org/bot8067228135:AAFVhUKTZXosDAm4SvoKAKtuzBrm2kcPdlI/getUpdates "HTTP/1.1 200 OK"
2025-07-21 11:58:05,604 - httpx - INFO - HTTP Request: POST https://api.telegram.org/bot8067228135:AAFVhUKTZXosDAm4SvoKAKtuzBrm2kcPdlI/getUpdates "HTTP/1.1 200 OK"
2025-07-21 11:58:16,090 - httpx - INFO - HTTP Request: POST https://api.telegram.org/bot8067228135:AAFVhUKTZXosDAm4SvoKAKtuzBrm2kcPdlI/getUpdates "HTTP/1.1 200 OK"
2025-07-21 11:58:25,889 - httpx - INFO - HTTP Request: POST https://api.telegram.org/bot8067228135:AAFVhUKTZXosDAm4SvoKAKtuzBrm2kcPdlI/getUpdates "HTTP/1.1 200 OK"
2025-07-21 11:58:36,385 - httpx - INFO - HTTP Request: POST https://api.telegram.org/bot8067228135:AAFVhUKTZXosDAm4SvoKAKtuzBrm2kcPdlI/getUpdates "HTTP/1.1 200 OK"
2025-07-21 11:58:46,874 - httpx - INFO - HTTP Request: POST https://api.telegram.org/bot8067228135:AAFVhUKTZXosDAm4SvoKAKtuzBrm2kcPdlI/getUpdates "HTTP/1.1 200 OK"
2025-07-21 11:58:56,651 - httpx - INFO - HTTP Request: POST https://api.telegram.org/bot8067228135:AAFVhUKTZXosDAm4SvoKAKtuzBrm2kcPdlI/getUpdates "HTTP/1.1 200 OK"
2025-07-21 11:59:07,142 - httpx - INFO - HTTP Request: POST https://api.telegram.org/bot8067228135:AAFVhUKTZXosDAm4SvoKAKtuzBrm2kcPdlI/getUpdates "HTTP/1.1 200 OK"
2025-07-21 11:59:16,926 - httpx - INFO - HTTP Request: POST https://api.telegram.org/bot8067228135:AAFVhUKTZXosDAm4SvoKAKtuzBrm2kcPdlI/getUpdates "HTTP/1.1 200 OK"
2025-07-21 11:59:27,414 - httpx - INFO - HTTP Request: POST https://api.telegram.org/bot8067228135:AAFVhUKTZXosDAm4SvoKAKtuzBrm2kcPdlI/getUpdates "HTTP/1.1 200 OK"
2025-07-21 11:59:37,913 - httpx - INFO - HTTP Request: POST https://api.telegram.org/bot8067228135:AAFVhUKTZXosDAm4SvoKAKtuzBrm2kcPdlI/getUpdates "HTTP/1.1 200 OK"
2025-07-21 11:59:47,703 - httpx - INFO - HTTP Request: POST https://api.telegram.org/bot8067228135:AAFVhUKTZXosDAm4SvoKAKtuzBrm2kcPdlI/getUpdates "HTTP/1.1 200 OK"
2025-07-21 11:59:58,202 - httpx - INFO - HTTP Request: POST https://api.telegram.org/bot8067228135:AAFVhUKTZXosDAm4SvoKAKtuzBrm2kcPdlI/getUpdates "HTTP/1.1 200 OK"
2025-07-21 12:00:08,694 - httpx - INFO - HTTP Request: POST https://api.telegram.org/bot8067228135:AAFVhUKTZXosDAm4SvoKAKtuzBrm2kcPdlI/getUpdates "HTTP/1.1 200 OK"
2025-07-21 12:00:18,464 - httpx - INFO - HTTP Request: POST https://api.telegram.org/bot8067228135:AAFVhUKTZXosDAm4SvoKAKtuzBrm2kcPdlI/getUpdates "HTTP/1.1 200 OK"
2025-07-21 12:00:28,966 - httpx - INFO - HTTP Request: POST https://api.telegram.org/bot8067228135:AAFVhUKTZXosDAm4SvoKAKtuzBrm2kcPdlI/getUpdates "HTTP/1.1 200 OK"
2025-07-21 12:00:39,485 - httpx - INFO - HTTP Request: POST https://api.telegram.org/bot8067228135:AAFVhUKTZXosDAm4SvoKAKtuzBrm2kcPdlI/getUpdates "HTTP/1.1 200 OK"
2025-07-21 12:00:49,237 - httpx - INFO - HTTP Request: POST https://api.telegram.org/bot8067228135:AAFVhUKTZXosDAm4SvoKAKtuzBrm2kcPdlI/getUpdates "HTTP/1.1 200 OK"
2025-07-21 12:00:59,727 - httpx - INFO - HTTP Request: POST https://api.telegram.org/bot8067228135:AAFVhUKTZXosDAm4SvoKAKtuzBrm2kcPdlI/getUpdates "HTTP/1.1 200 OK"
2025-07-21 12:01:10,217 - httpx - INFO - HTTP Request: POST https://api.telegram.org/bot8067228135:AAFVhUKTZXosDAm4SvoKAKtuzBrm2kcPdlI/getUpdates "HTTP/1.1 200 OK"
2025-07-21 12:01:19,993 - httpx - INFO - HTTP Request: POST https://api.telegram.org/bot8067228135:AAFVhUKTZXosDAm4SvoKAKtuzBrm2kcPdlI/getUpdates "HTTP/1.1 200 OK"
2025-07-21 12:01:30,484 - httpx - INFO - HTTP Request: POST https://api.telegram.org/bot8067228135:AAFVhUKTZXosDAm4SvoKAKtuzBrm2kcPdlI/getUpdates "HTTP/1.1 200 OK"
2025-07-21 12:01:40,973 - httpx - INFO - HTTP Request: POST https://api.telegram.org/bot8067228135:AAFVhUKTZXosDAm4SvoKAKtuzBrm2kcPdlI/getUpdates "HTTP/1.1 200 OK"
2025-07-21 12:01:50,763 - httpx - INFO - HTTP Request: POST https://api.telegram.org/bot8067228135:AAFVhUKTZXosDAm4SvoKAKtuzBrm2kcPdlI/getUpdates "HTTP/1.1 200 OK"
2025-07-21 12:02:01,271 - httpx - INFO - HTTP Request: POST https://api.telegram.org/bot8067228135:AAFVhUKTZXosDAm4SvoKAKtuzBrm2kcPdlI/getUpdates "HTTP/1.1 200 OK"
2025-07-21 12:02:11,770 - httpx - INFO - HTTP Request: POST https://api.telegram.org/bot8067228135:AAFVhUKTZXosDAm4SvoKAKtuzBrm2kcPdlI/getUpdates "HTTP/1.1 200 OK"
2025-07-21 12:02:21,527 - httpx - INFO - HTTP Request: POST https://api.telegram.org/bot8067228135:AAFVhUKTZXosDAm4SvoKAKtuzBrm2kcPdlI/getUpdates "HTTP/1.1 200 OK"
2025-07-21 12:02:32,021 - httpx - INFO - HTTP Request: POST https://api.telegram.org/bot8067228135:AAFVhUKTZXosDAm4SvoKAKtuzBrm2kcPdlI/getUpdates "HTTP/1.1 200 OK"
2025-07-21 12:02:41,809 - httpx - INFO - HTTP Request: POST https://api.telegram.org/bot8067228135:AAFVhUKTZXosDAm4SvoKAKtuzBrm2kcPdlI/getUpdates "HTTP/1.1 200 OK"
2025-07-21 12:02:52,305 - httpx - INFO - HTTP Request: POST https://api.telegram.org/bot8067228135:AAFVhUKTZXosDAm4SvoKAKtuzBrm2kcPdlI/getUpdates "HTTP/1.1 200 OK"
2025-07-21 12:03:02,799 - httpx - INFO - HTTP Request: POST https://api.telegram.org/bot8067228135:AAFVhUKTZXosDAm4SvoKAKtuzBrm2kcPdlI/getUpdates "HTTP/1.1 200 OK"
2025-07-21 12:03:12,570 - httpx - INFO - HTTP Request: POST https://api.telegram.org/bot8067228135:AAFVhUKTZXosDAm4SvoKAKtuzBrm2kcPdlI/getUpdates "HTTP/1.1 200 OK"
2025-07-21 12:03:23,060 - httpx - INFO - HTTP Request: POST https://api.telegram.org/bot8067228135:AAFVhUKTZXosDAm4SvoKAKtuzBrm2kcPdlI/getUpdates "HTTP/1.1 200 OK"
2025-07-21 12:03:33,554 - httpx - INFO - HTTP Request: POST https://api.telegram.org/bot8067228135:AAFVhUKTZXosDAm4SvoKAKtuzBrm2kcPdlI/getUpdates "HTTP/1.1 200 OK"
2025-07-21 12:03:43,334 - httpx - INFO - HTTP Request: POST https://api.telegram.org/bot8067228135:AAFVhUKTZXosDAm4SvoKAKtuzBrm2kcPdlI/getUpdates "HTTP/1.1 200 OK"
2025-07-21 12:03:53,833 - httpx - INFO - HTTP Request: POST https://api.telegram.org/bot8067228135:AAFVhUKTZXosDAm4SvoKAKtuzBrm2kcPdlI/getUpdates "HTTP/1.1 200 OK"
2025-07-21 12:04:04,328 - httpx - INFO - HTTP Request: POST https://api.telegram.org/bot8067228135:AAFVhUKTZXosDAm4SvoKAKtuzBrm2kcPdlI/getUpdates "HTTP/1.1 200 OK"
2025-07-21 12:04:14,108 - httpx - INFO - HTTP Request: POST https://api.telegram.org/bot8067228135:AAFVhUKTZXosDAm4SvoKAKtuzBrm2kcPdlI/getUpdates "HTTP/1.1 200 OK"
2025-07-21 12:04:24,634 - httpx - INFO - HTTP Request: POST https://api.telegram.org/bot8067228135:AAFVhUKTZXosDAm4SvoKAKtuzBrm2kcPdlI/getUpdates "HTTP/1.1 200 OK"
2025-07-21 12:04:35,188 - httpx - INFO - HTTP Request: POST https://api.telegram.org/bot8067228135:AAFVhUKTZXosDAm4SvoKAKtuzBrm2kcPdlI/getUpdates "HTTP/1.1 200 OK"
2025-07-21 12:04:44,878 - httpx - INFO - HTTP Request: POST https://api.telegram.org/bot8067228135:AAFVhUKTZXosDAm4SvoKAKtuzBrm2kcPdlI/getUpdates "HTTP/1.1 200 OK"
2025-07-21 12:04:55,370 - httpx - INFO - HTTP Request: POST https://api.telegram.org/bot8067228135:AAFVhUKTZXosDAm4SvoKAKtuzBrm2kcPdlI/getUpdates "HTTP/1.1 200 OK"
2025-07-21 12:05:05,897 - httpx - INFO - HTTP Request: POST https://api.telegram.org/bot8067228135:AAFVhUKTZXosDAm4SvoKAKtuzBrm2kcPdlI/getUpdates "HTTP/1.1 200 OK"
2025-07-21 12:05:15,696 - httpx - INFO - HTTP Request: POST https://api.telegram.org/bot8067228135:AAFVhUKTZXosDAm4SvoKAKtuzBrm2kcPdlI/getUpdates "HTTP/1.1 200 OK"
2025-07-21 12:05:26,196 - httpx - INFO - HTTP Request: POST https://api.telegram.org/bot8067228135:AAFVhUKTZXosDAm4SvoKAKtuzBrm2kcPdlI/getUpdates "HTTP/1.1 200 OK"
2025-07-21 12:05:36,694 - httpx - INFO - HTTP Request: POST https://api.telegram.org/bot8067228135:AAFVhUKTZXosDAm4SvoKAKtuzBrm2kcPdlI/getUpdates "HTTP/1.1 200 OK"
2025-07-21 12:05:46,469 - httpx - INFO - HTTP Request: POST https://api.telegram.org/bot8067228135:AAFVhUKTZXosDAm4SvoKAKtuzBrm2kcPdlI/getUpdates "HTTP/1.1 200 OK"
2025-07-21 12:05:56,976 - httpx - INFO - HTTP Request: POST https://api.telegram.org/bot8067228135:AAFVhUKTZXosDAm4SvoKAKtuzBrm2kcPdlI/getUpdates "HTTP/1.1 200 OK"
2025-07-21 12:06:06,728 - httpx - INFO - HTTP Request: POST https://api.telegram.org/bot8067228135:AAFVhUKTZXosDAm4SvoKAKtuzBrm2kcPdlI/getUpdates "HTTP/1.1 200 OK"
2025-07-21 12:06:17,231 - httpx - INFO - HTTP Request: POST https://api.telegram.org/bot8067228135:AAFVhUKTZXosDAm4SvoKAKtuzBrm2kcPdlI/getUpdates "HTTP/1.1 200 OK"
2025-07-21 12:06:27,731 - httpx - INFO - HTTP Request: POST https://api.telegram.org/bot8067228135:AAFVhUKTZXosDAm4SvoKAKtuzBrm2kcPdlI/getUpdates "HTTP/1.1 200 OK"
2025-07-21 12:06:37,505 - httpx - INFO - HTTP Request: POST https://api.telegram.org/bot8067228135:AAFVhUKTZXosDAm4SvoKAKtuzBrm2kcPdlI/getUpdates "HTTP/1.1 200 OK"
2025-07-21 12:06:48,013 - httpx - INFO - HTTP Request: POST https://api.telegram.org/bot8067228135:AAFVhUKTZXosDAm4SvoKAKtuzBrm2kcPdlI/getUpdates "HTTP/1.1 200 OK"
2025-07-21 12:06:58,512 - httpx - INFO - HTTP Request: POST https://api.telegram.org/bot8067228135:AAFVhUKTZXosDAm4SvoKAKtuzBrm2kcPdlI/getUpdates "HTTP/1.1 200 OK"
2025-07-21 12:07:08,281 - httpx - INFO - HTTP Request: POST https://api.telegram.org/bot8067228135:AAFVhUKTZXosDAm4SvoKAKtuzBrm2kcPdlI/getUpdates "HTTP/1.1 200 OK"
2025-07-21 12:07:18,781 - httpx - INFO - HTTP Request: POST https://api.telegram.org/bot8067228135:AAFVhUKTZXosDAm4SvoKAKtuzBrm2kcPdlI/getUpdates "HTTP/1.1 200 OK"
2025-07-21 12:07:29,293 - httpx - INFO - HTTP Request: POST https://api.telegram.org/bot8067228135:AAFVhUKTZXosDAm4SvoKAKtuzBrm2kcPdlI/getUpdates "HTTP/1.1 200 OK"
2025-07-21 12:07:39,043 - httpx - INFO - HTTP Request: POST https://api.telegram.org/bot8067228135:AAFVhUKTZXosDAm4SvoKAKtuzBrm2kcPdlI/getUpdates "HTTP/1.1 200 OK"
2025-07-21 12:07:49,546 - httpx - INFO - HTTP Request: POST https://api.telegram.org/bot8067228135:AAFVhUKTZXosDAm4SvoKAKtuzBrm2kcPdlI/getUpdates "HTTP/1.1 200 OK"
2025-07-21 12:08:00,043 - httpx - INFO - HTTP Request: POST https://api.telegram.org/bot8067228135:AAFVhUKTZXosDAm4SvoKAKtuzBrm2kcPdlI/getUpdates "HTTP/1.1 200 OK"
2025-07-21 12:08:09,814 - httpx - INFO - HTTP Request: POST https://api.telegram.org/bot8067228135:AAFVhUKTZXosDAm4SvoKAKtuzBrm2kcPdlI/getUpdates "HTTP/1.1 200 OK"
2025-07-21 12:08:20,309 - httpx - INFO - HTTP Request: POST https://api.telegram.org/bot8067228135:AAFVhUKTZXosDAm4SvoKAKtuzBrm2kcPdlI/getUpdates "HTTP/1.1 200 OK"
2025-07-21 12:08:30,812 - httpx - INFO - HTTP Request: POST https://api.telegram.org/bot8067228135:AAFVhUKTZXosDAm4SvoKAKtuzBrm2kcPdlI/getUpdates "HTTP/1.1 200 OK"
2025-07-21 12:08:40,576 - httpx - INFO - HTTP Request: POST https://api.telegram.org/bot8067228135:AAFVhUKTZXosDAm4SvoKAKtuzBrm2kcPdlI/getUpdates "HTTP/1.1 200 OK"
2025-07-21 12:08:51,081 - httpx - INFO - HTTP Request: POST https://api.telegram.org/bot8067228135:AAFVhUKTZXosDAm4SvoKAKtuzBrm2kcPdlI/getUpdates "HTTP/1.1 200 OK"
2025-07-21 12:09:01,581 - httpx - INFO - HTTP Request: POST https://api.telegram.org/bot8067228135:AAFVhUKTZXosDAm4SvoKAKtuzBrm2kcPdlI/getUpdates "HTTP/1.1 200 OK"
2025-07-21 12:09:11,337 - httpx - INFO - HTTP Request: POST https://api.telegram.org/bot8067228135:AAFVhUKTZXosDAm4SvoKAKtuzBrm2kcPdlI/getUpdates "HTTP/1.1 200 OK"
2025-07-21 12:09:21,862 - httpx - INFO - HTTP Request: POST https://api.telegram.org/bot8067228135:AAFVhUKTZXosDAm4SvoKAKtuzBrm2kcPdlI/getUpdates "HTTP/1.1 200 OK"
2025-07-21 12:09:31,602 - httpx - INFO - HTTP Request: POST https://api.telegram.org/bot8067228135:AAFVhUKTZXosDAm4SvoKAKtuzBrm2kcPdlI/getUpdates "HTTP/1.1 200 OK"
2025-07-21 12:09:42,105 - httpx - INFO - HTTP Request: POST https://api.telegram.org/bot8067228135:AAFVhUKTZXosDAm4SvoKAKtuzBrm2kcPdlI/getUpdates "HTTP/1.1 200 OK"
2025-07-21 12:09:52,634 - httpx - INFO - HTTP Request: POST https://api.telegram.org/bot8067228135:AAFVhUKTZXosDAm4SvoKAKtuzBrm2kcPdlI/getUpdates "HTTP/1.1 200 OK"
2025-07-21 12:10:02,365 - httpx - INFO - HTTP Request: POST https://api.telegram.org/bot8067228135:AAFVhUKTZXosDAm4SvoKAKtuzBrm2kcPdlI/getUpdates "HTTP/1.1 200 OK"
2025-07-21 12:10:12,861 - httpx - INFO - HTTP Request: POST https://api.telegram.org/bot8067228135:AAFVhUKTZXosDAm4SvoKAKtuzBrm2kcPdlI/getUpdates "HTTP/1.1 200 OK"
2025-07-21 12:10:23,358 - httpx - INFO - HTTP Request: POST https://api.telegram.org/bot8067228135:AAFVhUKTZXosDAm4SvoKAKtuzBrm2kcPdlI/getUpdates "HTTP/1.1 200 OK"
2025-07-21 12:10:33,120 - httpx - INFO - HTTP Request: POST https://api.telegram.org/bot8067228135:AAFVhUKTZXosDAm4SvoKAKtuzBrm2kcPdlI/getUpdates "HTTP/1.1 200 OK"
2025-07-21 12:10:43,626 - httpx - INFO - HTTP Request: POST https://api.telegram.org/bot8067228135:AAFVhUKTZXosDAm4SvoKAKtuzBrm2kcPdlI/getUpdates "HTTP/1.1 200 OK"
2025-07-21 12:10:54,612 - httpx - INFO - HTTP Request: POST https://api.telegram.org/bot8067228135:AAFVhUKTZXosDAm4SvoKAKtuzBrm2kcPdlI/getUpdates "HTTP/1.1 200 OK"
2025-07-21 12:11:04,359 - httpx - INFO - HTTP Request: POST https://api.telegram.org/bot8067228135:AAFVhUKTZXosDAm4SvoKAKtuzBrm2kcPdlI/getUpdates "HTTP/1.1 200 OK"
2025-07-21 12:11:14,854 - httpx - INFO - HTTP Request: POST https://api.telegram.org/bot8067228135:AAFVhUKTZXosDAm4SvoKAKtuzBrm2kcPdlI/getUpdates "HTTP/1.1 200 OK"
2025-07-21 12:11:25,355 - httpx - INFO - HTTP Request: POST https://api.telegram.org/bot8067228135:AAFVhUKTZXosDAm4SvoKAKtuzBrm2kcPdlI/getUpdates "HTTP/1.1 200 OK"
2025-07-21 12:11:35,105 - httpx - INFO - HTTP Request: POST https://api.telegram.org/bot8067228135:AAFVhUKTZXosDAm4SvoKAKtuzBrm2kcPdlI/getUpdates "HTTP/1.1 200 OK"
2025-07-21 12:11:45,597 - httpx - INFO - HTTP Request: POST https://api.telegram.org/bot8067228135:AAFVhUKTZXosDAm4SvoKAKtuzBrm2kcPdlI/getUpdates "HTTP/1.1 200 OK"
2025-07-21 12:11:56,089 - httpx - INFO - HTTP Request: POST https://api.telegram.org/bot8067228135:AAFVhUKTZXosDAm4SvoKAKtuzBrm2kcPdlI/getUpdates "HTTP/1.1 200 OK"
2025-07-21 12:12:05,839 - httpx - INFO - HTTP Request: POST https://api.telegram.org/bot8067228135:AAFVhUKTZXosDAm4SvoKAKtuzBrm2kcPdlI/getUpdates "HTTP/1.1 200 OK"
2025-07-21 12:12:16,341 - httpx - INFO - HTTP Request: POST https://api.telegram.org/bot8067228135:AAFVhUKTZXosDAm4SvoKAKtuzBrm2kcPdlI/getUpdates "HTTP/1.1 200 OK"
2025-07-21 12:12:26,540 - httpx - INFO - HTTP Request: POST https://api.telegram.org/bot8067228135:AAFVhUKTZXosDAm4SvoKAKtuzBrm2kcPdlI/getUpdates "HTTP/1.1 200 OK"
2025-07-21 12:12:36,576 - httpx - INFO - HTTP Request: POST https://api.telegram.org/bot8067228135:AAFVhUKTZXosDAm4SvoKAKtuzBrm2kcPdlI/getUpdates "HTTP/1.1 200 OK"
2025-07-21 12:12:47,074 - httpx - INFO - HTTP Request: POST https://api.telegram.org/bot8067228135:AAFVhUKTZXosDAm4SvoKAKtuzBrm2kcPdlI/getUpdates "HTTP/1.1 200 OK"
2025-07-21 12:12:56,822 - httpx - INFO - HTTP Request: POST https://api.telegram.org/bot8067228135:AAFVhUKTZXosDAm4SvoKAKtuzBrm2kcPdlI/getUpdates "HTTP/1.1 200 OK"
2025-07-21 12:13:07,328 - httpx - INFO - HTTP Request: POST https://api.telegram.org/bot8067228135:AAFVhUKTZXosDAm4SvoKAKtuzBrm2kcPdlI/getUpdates "HTTP/1.1 200 OK"
2025-07-21 12:13:17,825 - httpx - INFO - HTTP Request: POST https://api.telegram.org/bot8067228135:AAFVhUKTZXosDAm4SvoKAKtuzBrm2kcPdlI/getUpdates "HTTP/1.1 200 OK"
2025-07-21 12:13:27,576 - httpx - INFO - HTTP Request: POST https://api.telegram.org/bot8067228135:AAFVhUKTZXosDAm4SvoKAKtuzBrm2kcPdlI/getUpdates "HTTP/1.1 200 OK"
2025-07-21 12:13:38,105 - httpx - INFO - HTTP Request: POST https://api.telegram.org/bot8067228135:AAFVhUKTZXosDAm4SvoKAKtuzBrm2kcPdlI/getUpdates "HTTP/1.1 200 OK"
2025-07-21 12:13:48,629 - httpx - INFO - HTTP Request: POST https://api.telegram.org/bot8067228135:AAFVhUKTZXosDAm4SvoKAKtuzBrm2kcPdlI/getUpdates "HTTP/1.1 200 OK"
2025-07-21 12:13:58,321 - httpx - INFO - HTTP Request: POST https://api.telegram.org/bot8067228135:AAFVhUKTZXosDAm4SvoKAKtuzBrm2kcPdlI/getUpdates "HTTP/1.1 200 OK"
2025-07-21 12:14:08,812 - httpx - INFO - HTTP Request: POST https://api.telegram.org/bot8067228135:AAFVhUKTZXosDAm4SvoKAKtuzBrm2kcPdlI/getUpdates "HTTP/1.1 200 OK"
2025-07-21 12:14:19,307 - httpx - INFO - HTTP Request: POST https://api.telegram.org/bot8067228135:AAFVhUKTZXosDAm4SvoKAKtuzBrm2kcPdlI/getUpdates "HTTP/1.1 200 OK"
2025-07-21 12:14:29,051 - httpx - INFO - HTTP Request: POST https://api.telegram.org/bot8067228135:AAFVhUKTZXosDAm4SvoKAKtuzBrm2kcPdlI/getUpdates "HTTP/1.1 200 OK"
2025-07-21 12:14:39,567 - httpx - INFO - HTTP Request: POST https://api.telegram.org/bot8067228135:AAFVhUKTZXosDAm4SvoKAKtuzBrm2kcPdlI/getUpdates "HTTP/1.1 200 OK"
2025-07-21 12:14:50,063 - httpx - INFO - HTTP Request: POST https://api.telegram.org/bot8067228135:AAFVhUKTZXosDAm4SvoKAKtuzBrm2kcPdlI/getUpdates "HTTP/1.1 200 OK"
2025-07-21 12:14:59,816 - httpx - INFO - HTTP Request: POST https://api.telegram.org/bot8067228135:AAFVhUKTZXosDAm4SvoKAKtuzBrm2kcPdlI/getUpdates "HTTP/1.1 200 OK"
2025-07-21 12:15:10,315 - httpx - INFO - HTTP Request: POST https://api.telegram.org/bot8067228135:AAFVhUKTZXosDAm4SvoKAKtuzBrm2kcPdlI/getUpdates "HTTP/1.1 200 OK"
2025-07-21 12:15:20,814 - httpx - INFO - HTTP Request: POST https://api.telegram.org/bot8067228135:AAFVhUKTZXosDAm4SvoKAKtuzBrm2kcPdlI/getUpdates "HTTP/1.1 200 OK"
2025-07-21 12:15:30,548 - httpx - INFO - HTTP Request: POST https://api.telegram.org/bot8067228135:AAFVhUKTZXosDAm4SvoKAKtuzBrm2kcPdlI/getUpdates "HTTP/1.1 200 OK"
2025-07-21 12:15:41,047 - httpx - INFO - HTTP Request: POST https://api.telegram.org/bot8067228135:AAFVhUKTZXosDAm4SvoKAKtuzBrm2kcPdlI/getUpdates "HTTP/1.1 200 OK"
2025-07-21 12:15:51,247 - httpx - INFO - HTTP Request: POST https://api.telegram.org/bot8067228135:AAFVhUKTZXosDAm4SvoKAKtuzBrm2kcPdlI/getUpdates "HTTP/1.1 200 OK"
2025-07-21 12:16:01,297 - httpx - INFO - HTTP Request: POST https://api.telegram.org/bot8067228135:AAFVhUKTZXosDAm4SvoKAKtuzBrm2kcPdlI/getUpdates "HTTP/1.1 200 OK"
2025-07-21 12:16:11,800 - httpx - INFO - HTTP Request: POST https://api.telegram.org/bot8067228135:AAFVhUKTZXosDAm4SvoKAKtuzBrm2kcPdlI/getUpdates "HTTP/1.1 200 OK"
2025-07-21 12:16:21,540 - httpx - INFO - HTTP Request: POST https://api.telegram.org/bot8067228135:AAFVhUKTZXosDAm4SvoKAKtuzBrm2kcPdlI/getUpdates "HTTP/1.1 200 OK"
2025-07-21 12:16:32,039 - httpx - INFO - HTTP Request: POST https://api.telegram.org/bot8067228135:AAFVhUKTZXosDAm4SvoKAKtuzBrm2kcPdlI/getUpdates "HTTP/1.1 200 OK"
2025-07-21 12:16:42,543 - httpx - INFO - HTTP Request: POST https://api.telegram.org/bot8067228135:AAFVhUKTZXosDAm4SvoKAKtuzBrm2kcPdlI/getUpdates "HTTP/1.1 200 OK"
2025-07-21 12:16:52,271 - httpx - INFO - HTTP Request: POST https://api.telegram.org/bot8067228135:AAFVhUKTZXosDAm4SvoKAKtuzBrm2kcPdlI/getUpdates "HTTP/1.1 200 OK"
2025-07-21 12:17:02,770 - httpx - INFO - HTTP Request: POST https://api.telegram.org/bot8067228135:AAFVhUKTZXosDAm4SvoKAKtuzBrm2kcPdlI/getUpdates "HTTP/1.1 200 OK"
2025-07-21 12:17:13,270 - httpx - INFO - HTTP Request: POST https://api.telegram.org/bot8067228135:AAFVhUKTZXosDAm4SvoKAKtuzBrm2kcPdlI/getUpdates "HTTP/1.1 200 OK"
2025-07-21 12:17:23,017 - httpx - INFO - HTTP Request: POST https://api.telegram.org/bot8067228135:AAFVhUKTZXosDAm4SvoKAKtuzBrm2kcPdlI/getUpdates "HTTP/1.1 200 OK"
2025-07-21 12:17:33,545 - httpx - INFO - HTTP Request: POST https://api.telegram.org/bot8067228135:AAFVhUKTZXosDAm4SvoKAKtuzBrm2kcPdlI/getUpdates "HTTP/1.1 200 OK"
2025-07-21 12:17:44,107 - httpx - INFO - HTTP Request: POST https://api.telegram.org/bot8067228135:AAFVhUKTZXosDAm4SvoKAKtuzBrm2kcPdlI/getUpdates "HTTP/1.1 200 OK"
2025-07-21 12:17:53,767 - httpx - INFO - HTTP Request: POST https://api.telegram.org/bot8067228135:AAFVhUKTZXosDAm4SvoKAKtuzBrm2kcPdlI/getUpdates "HTTP/1.1 200 OK"
2025-07-21 12:18:04,264 - httpx - INFO - HTTP Request: POST https://api.telegram.org/bot8067228135:AAFVhUKTZXosDAm4SvoKAKtuzBrm2kcPdlI/getUpdates "HTTP/1.1 200 OK"
2025-07-21 12:18:14,764 - httpx - INFO - HTTP Request: POST https://api.telegram.org/bot8067228135:AAFVhUKTZXosDAm4SvoKAKtuzBrm2kcPdlI/getUpdates "HTTP/1.1 200 OK"
2025-07-21 12:18:24,507 - httpx - INFO - HTTP Request: POST https://api.telegram.org/bot8067228135:AAFVhUKTZXosDAm4SvoKAKtuzBrm2kcPdlI/getUpdates "HTTP/1.1 200 OK"
2025-07-21 12:18:35,030 - httpx - INFO - HTTP Request: POST https://api.telegram.org/bot8067228135:AAFVhUKTZXosDAm4SvoKAKtuzBrm2kcPdlI/getUpdates "HTTP/1.1 200 OK"
2025-07-21 12:18:45,530 - httpx - INFO - HTTP Request: POST https://api.telegram.org/bot8067228135:AAFVhUKTZXosDAm4SvoKAKtuzBrm2kcPdlI/getUpdates "HTTP/1.1 200 OK"
2025-07-21 12:18:55,281 - httpx - INFO - HTTP Request: POST https://api.telegram.org/bot8067228135:AAFVhUKTZXosDAm4SvoKAKtuzBrm2kcPdlI/getUpdates "HTTP/1.1 200 OK"
2025-07-21 12:19:05,792 - httpx - INFO - HTTP Request: POST https://api.telegram.org/bot8067228135:AAFVhUKTZXosDAm4SvoKAKtuzBrm2kcPdlI/getUpdates "HTTP/1.1 200 OK"
2025-07-21 12:19:15,977 - httpx - INFO - HTTP Request: POST https://api.telegram.org/bot8067228135:AAFVhUKTZXosDAm4SvoKAKtuzBrm2kcPdlI/getUpdates "HTTP/1.1 200 OK"
2025-07-21 12:19:26,013 - httpx - INFO - HTTP Request: POST https://api.telegram.org/bot8067228135:AAFVhUKTZXosDAm4SvoKAKtuzBrm2kcPdlI/getUpdates "HTTP/1.1 200 OK"
2025-07-21 12:19:36,520 - httpx - INFO - HTTP Request: POST https://api.telegram.org/bot8067228135:AAFVhUKTZXosDAm4SvoKAKtuzBrm2kcPdlI/getUpdates "HTTP/1.1 200 OK"
2025-07-21 12:19:46,255 - httpx - INFO - HTTP Request: POST https://api.telegram.org/bot8067228135:AAFVhUKTZXosDAm4SvoKAKtuzBrm2kcPdlI/getUpdates "HTTP/1.1 200 OK"
2025-07-21 12:19:56,758 - httpx - INFO - HTTP Request: POST https://api.telegram.org/bot8067228135:AAFVhUKTZXosDAm4SvoKAKtuzBrm2kcPdlI/getUpdates "HTTP/1.1 200 OK"
2025-07-21 12:20:07,265 - httpx - INFO - HTTP Request: POST https://api.telegram.org/bot8067228135:AAFVhUKTZXosDAm4SvoKAKtuzBrm2kcPdlI/getUpdates "HTTP/1.1 200 OK"
2025-07-21 12:20:16,998 - httpx - INFO - HTTP Request: POST https://api.telegram.org/bot8067228135:AAFVhUKTZXosDAm4SvoKAKtuzBrm2kcPdlI/getUpdates "HTTP/1.1 200 OK"
2025-07-21 12:20:27,503 - httpx - INFO - HTTP Request: POST https://api.telegram.org/bot8067228135:AAFVhUKTZXosDAm4SvoKAKtuzBrm2kcPdlI/getUpdates "HTTP/1.1 200 OK"
2025-07-21 12:20:38,021 - httpx - INFO - HTTP Request: POST https://api.telegram.org/bot8067228135:AAFVhUKTZXosDAm4SvoKAKtuzBrm2kcPdlI/getUpdates "HTTP/1.1 200 OK"
2025-07-21 12:20:47,737 - httpx - INFO - HTTP Request: POST https://api.telegram.org/bot8067228135:AAFVhUKTZXosDAm4SvoKAKtuzBrm2kcPdlI/getUpdates "HTTP/1.1 200 OK"
2025-07-21 12:20:58,243 - httpx - INFO - HTTP Request: POST https://api.telegram.org/bot8067228135:AAFVhUKTZXosDAm4SvoKAKtuzBrm2kcPdlI/getUpdates "HTTP/1.1 200 OK"
2025-07-21 12:21:08,750 - httpx - INFO - HTTP Request: POST https://api.telegram.org/bot8067228135:AAFVhUKTZXosDAm4SvoKAKtuzBrm2kcPdlI/getUpdates "HTTP/1.1 200 OK"
2025-07-21 12:21:18,493 - httpx - INFO - HTTP Request: POST https://api.telegram.org/bot8067228135:AAFVhUKTZXosDAm4SvoKAKtuzBrm2kcPdlI/getUpdates "HTTP/1.1 200 OK"
2025-07-21 12:21:29,008 - httpx - INFO - HTTP Request: POST https://api.telegram.org/bot8067228135:AAFVhUKTZXosDAm4SvoKAKtuzBrm2kcPdlI/getUpdates "HTTP/1.1 200 OK"
2025-07-21 12:21:39,514 - httpx - INFO - HTTP Request: POST https://api.telegram.org/bot8067228135:AAFVhUKTZXosDAm4SvoKAKtuzBrm2kcPdlI/getUpdates "HTTP/1.1 200 OK"
2025-07-21 12:21:49,254 - httpx - INFO - HTTP Request: POST https://api.telegram.org/bot8067228135:AAFVhUKTZXosDAm4SvoKAKtuzBrm2kcPdlI/getUpdates "HTTP/1.1 200 OK"
2025-07-21 12:21:59,768 - httpx - INFO - HTTP Request: POST https://api.telegram.org/bot8067228135:AAFVhUKTZXosDAm4SvoKAKtuzBrm2kcPdlI/getUpdates "HTTP/1.1 200 OK"
2025-07-21 12:22:10,290 - httpx - INFO - HTTP Request: POST https://api.telegram.org/bot8067228135:AAFVhUKTZXosDAm4SvoKAKtuzBrm2kcPdlI/getUpdates "HTTP/1.1 200 OK"
2025-07-21 12:22:20,010 - httpx - INFO - HTTP Request: POST https://api.telegram.org/bot8067228135:AAFVhUKTZXosDAm4SvoKAKtuzBrm2kcPdlI/getUpdates "HTTP/1.1 200 OK"
2025-07-21 12:22:30,520 - httpx - INFO - HTTP Request: POST https://api.telegram.org/bot8067228135:AAFVhUKTZXosDAm4SvoKAKtuzBrm2kcPdlI/getUpdates "HTTP/1.1 200 OK"
2025-07-21 12:22:40,247 - httpx - INFO - HTTP Request: POST https://api.telegram.org/bot8067228135:AAFVhUKTZXosDAm4SvoKAKtuzBrm2kcPdlI/getUpdates "HTTP/1.1 200 OK"
2025-07-21 12:22:50,764 - httpx - INFO - HTTP Request: POST https://api.telegram.org/bot8067228135:AAFVhUKTZXosDAm4SvoKAKtuzBrm2kcPdlI/getUpdates "HTTP/1.1 200 OK"
2025-07-21 12:23:01,305 - httpx - INFO - HTTP Request: POST https://api.telegram.org/bot8067228135:AAFVhUKTZXosDAm4SvoKAKtuzBrm2kcPdlI/getUpdates "HTTP/1.1 200 OK"
2025-07-21 12:23:11,004 - httpx - INFO - HTTP Request: POST https://api.telegram.org/bot8067228135:AAFVhUKTZXosDAm4SvoKAKtuzBrm2kcPdlI/getUpdates "HTTP/1.1 200 OK"
2025-07-21 12:23:21,512 - httpx - INFO - HTTP Request: POST https://api.telegram.org/bot8067228135:AAFVhUKTZXosDAm4SvoKAKtuzBrm2kcPdlI/getUpdates "HTTP/1.1 200 OK"
2025-07-21 12:23:32,017 - httpx - INFO - HTTP Request: POST https://api.telegram.org/bot8067228135:AAFVhUKTZXosDAm4SvoKAKtuzBrm2kcPdlI/getUpdates "HTTP/1.1 200 OK"
2025-07-21 12:23:41,740 - httpx - INFO - HTTP Request: POST https://api.telegram.org/bot8067228135:AAFVhUKTZXosDAm4SvoKAKtuzBrm2kcPdlI/getUpdates "HTTP/1.1 200 OK"
2025-07-21 12:23:52,252 - httpx - INFO - HTTP Request: POST https://api.telegram.org/bot8067228135:AAFVhUKTZXosDAm4SvoKAKtuzBrm2kcPdlI/getUpdates "HTTP/1.1 200 OK"
2025-07-21 12:24:02,760 - httpx - INFO - HTTP Request: POST https://api.telegram.org/bot8067228135:AAFVhUKTZXosDAm4SvoKAKtuzBrm2kcPdlI/getUpdates "HTTP/1.1 200 OK"
2025-07-21 12:24:12,487 - httpx - INFO - HTTP Request: POST https://api.telegram.org/bot8067228135:AAFVhUKTZXosDAm4SvoKAKtuzBrm2kcPdlI/getUpdates "HTTP/1.1 200 OK"
2025-07-21 12:24:22,995 - httpx - INFO - HTTP Request: POST https://api.telegram.org/bot8067228135:AAFVhUKTZXosDAm4SvoKAKtuzBrm2kcPdlI/getUpdates "HTTP/1.1 200 OK"
2025-07-21 12:24:33,534 - httpx - INFO - HTTP Request: POST https://api.telegram.org/bot8067228135:AAFVhUKTZXosDAm4SvoKAKtuzBrm2kcPdlI/getUpdates "HTTP/1.1 200 OK"
2025-07-21 12:24:43,255 - httpx - INFO - HTTP Request: POST https://api.telegram.org/bot8067228135:AAFVhUKTZXosDAm4SvoKAKtuzBrm2kcPdlI/getUpdates "HTTP/1.1 200 OK"
2025-07-21 12:24:53,762 - httpx - INFO - HTTP Request: POST https://api.telegram.org/bot8067228135:AAFVhUKTZXosDAm4SvoKAKtuzBrm2kcPdlI/getUpdates "HTTP/1.1 200 OK"
2025-07-21 12:25:04,272 - httpx - INFO - HTTP Request: POST https://api.telegram.org/bot8067228135:AAFVhUKTZXosDAm4SvoKAKtuzBrm2kcPdlI/getUpdates "HTTP/1.1 200 OK"
2025-07-21 12:25:14,009 - httpx - INFO - HTTP Request: POST https://api.telegram.org/bot8067228135:AAFVhUKTZXosDAm4SvoKAKtuzBrm2kcPdlI/getUpdates "HTTP/1.1 200 OK"
2025-07-21 12:25:17,783 - httpx - INFO - HTTP Request: POST https://api.telegram.org/bot8067228135:AAFVhUKTZXosDAm4SvoKAKtuzBrm2kcPdlI/getUpdates "HTTP/1.1 200 OK"
2025-07-21 12:25:17,785 - telegram.ext.Application - INFO - Application is stopping. This might take a moment.
2025-07-21 12:25:17,786 - apscheduler.scheduler - INFO - Scheduler has been shut down
2025-07-21 12:25:17,797 - telegram.ext.Application - INFO - Application.stop() complete
2025-07-21 12:25:26,548 - httpx - INFO - HTTP Request: POST https://api.telegram.org/bot8067228135:AAFVhUKTZXosDAm4SvoKAKtuzBrm2kcPdlI/getMe "HTTP/1.1 200 OK"
2025-07-21 12:25:26,805 - httpx - INFO - HTTP Request: POST https://api.telegram.org/bot8067228135:AAFVhUKTZXosDAm4SvoKAKtuzBrm2kcPdlI/deleteWebhook "HTTP/1.1 200 OK"
2025-07-21 12:25:26,808 - apscheduler.scheduler - INFO - Scheduler started
2025-07-21 12:25:26,809 - telegram.ext.Application - INFO - Application started
2025-07-21 12:25:37,078 - httpx - INFO - HTTP Request: POST https://api.telegram.org/bot8067228135:AAFVhUKTZXosDAm4SvoKAKtuzBrm2kcPdlI/getUpdates "HTTP/1.1 200 OK"
2025-07-21 12:25:47,593 - httpx - INFO - HTTP Request: POST https://api.telegram.org/bot8067228135:AAFVhUKTZXosDAm4SvoKAKtuzBrm2kcPdlI/getUpdates "HTTP/1.1 200 OK"
2025-07-21 12:25:58,136 - httpx - INFO - HTTP Request: POST https://api.telegram.org/bot8067228135:AAFVhUKTZXosDAm4SvoKAKtuzBrm2kcPdlI/getUpdates "HTTP/1.1 200 OK"
2025-07-21 12:26:07,868 - httpx - INFO - HTTP Request: POST https://api.telegram.org/bot8067228135:AAFVhUKTZXosDAm4SvoKAKtuzBrm2kcPdlI/getUpdates "HTTP/1.1 200 OK"
2025-07-21 12:26:18,380 - httpx - INFO - HTTP Request: POST https://api.telegram.org/bot8067228135:AAFVhUKTZXosDAm4SvoKAKtuzBrm2kcPdlI/getUpdates "HTTP/1.1 200 OK"
2025-07-21 12:26:28,898 - httpx - INFO - HTTP Request: POST https://api.telegram.org/bot8067228135:AAFVhUKTZXosDAm4SvoKAKtuzBrm2kcPdlI/getUpdates "HTTP/1.1 200 OK"
2025-07-21 12:26:38,606 - httpx - INFO - HTTP Request: POST https://api.telegram.org/bot8067228135:AAFVhUKTZXosDAm4SvoKAKtuzBrm2kcPdlI/getUpdates "HTTP/1.1 200 OK"
2025-07-21 12:26:49,121 - httpx - INFO - HTTP Request: POST https://api.telegram.org/bot8067228135:AAFVhUKTZXosDAm4SvoKAKtuzBrm2kcPdlI/getUpdates "HTTP/1.1 200 OK"
2025-07-21 12:26:59,635 - httpx - INFO - HTTP Request: POST https://api.telegram.org/bot8067228135:AAFVhUKTZXosDAm4SvoKAKtuzBrm2kcPdlI/getUpdates "HTTP/1.1 200 OK"
2025-07-21 12:27:09,362 - httpx - INFO - HTTP Request: POST https://api.telegram.org/bot8067228135:AAFVhUKTZXosDAm4SvoKAKtuzBrm2kcPdlI/getUpdates "HTTP/1.1 200 OK"
2025-07-21 12:27:19,876 - httpx - INFO - HTTP Request: POST https://api.telegram.org/bot8067228135:AAFVhUKTZXosDAm4SvoKAKtuzBrm2kcPdlI/getUpdates "HTTP/1.1 200 OK"
2025-07-21 12:27:30,418 - httpx - INFO - HTTP Request: POST https://api.telegram.org/bot8067228135:AAFVhUKTZXosDAm4SvoKAKtuzBrm2kcPdlI/getUpdates "HTTP/1.1 200 OK"
2025-07-21 12:27:40,138 - httpx - INFO - HTTP Request: POST https://api.telegram.org/bot8067228135:AAFVhUKTZXosDAm4SvoKAKtuzBrm2kcPdlI/getUpdates "HTTP/1.1 200 OK"
2025-07-21 12:27:50,653 - httpx - INFO - HTTP Request: POST https://api.telegram.org/bot8067228135:AAFVhUKTZXosDAm4SvoKAKtuzBrm2kcPdlI/getUpdates "HTTP/1.1 200 OK"
2025-07-21 12:28:01,166 - httpx - INFO - HTTP Request: POST https://api.telegram.org/bot8067228135:AAFVhUKTZXosDAm4SvoKAKtuzBrm2kcPdlI/getUpdates "HTTP/1.1 200 OK"
2025-07-21 12:28:10,884 - httpx - INFO - HTTP Request: POST https://api.telegram.org/bot8067228135:AAFVhUKTZXosDAm4SvoKAKtuzBrm2kcPdlI/getUpdates "HTTP/1.1 200 OK"
2025-07-21 12:28:21,430 - httpx - INFO - HTTP Request: POST https://api.telegram.org/bot8067228135:AAFVhUKTZXosDAm4SvoKAKtuzBrm2kcPdlI/getUpdates "HTTP/1.1 200 OK"
2025-07-21 12:28:31,131 - httpx - INFO - HTTP Request: POST https://api.telegram.org/bot8067228135:AAFVhUKTZXosDAm4SvoKAKtuzBrm2kcPdlI/getUpdates "HTTP/1.1 200 OK"
2025-07-21 12:28:41,641 - httpx - INFO - HTTP Request: POST https://api.telegram.org/bot8067228135:AAFVhUKTZXosDAm4SvoKAKtuzBrm2kcPdlI/getUpdates "HTTP/1.1 200 OK"
2025-07-21 12:28:52,156 - httpx - INFO - HTTP Request: POST https://api.telegram.org/bot8067228135:AAFVhUKTZXosDAm4SvoKAKtuzBrm2kcPdlI/getUpdates "HTTP/1.1 200 OK"
2025-07-21 12:29:01,880 - httpx - INFO - HTTP Request: POST https://api.telegram.org/bot8067228135:AAFVhUKTZXosDAm4SvoKAKtuzBrm2kcPdlI/getUpdates "HTTP/1.1 200 OK"
2025-07-21 12:29:12,400 - httpx - INFO - HTTP Request: POST https://api.telegram.org/bot8067228135:AAFVhUKTZXosDAm4SvoKAKtuzBrm2kcPdlI/getUpdates "HTTP/1.1 200 OK"
2025-07-21 12:29:22,930 - httpx - INFO - HTTP Request: POST https://api.telegram.org/bot8067228135:AAFVhUKTZXosDAm4SvoKAKtuzBrm2kcPdlI/getUpdates "HTTP/1.1 200 OK"
2025-07-21 12:29:32,659 - httpx - INFO - HTTP Request: POST https://api.telegram.org/bot8067228135:AAFVhUKTZXosDAm4SvoKAKtuzBrm2kcPdlI/getUpdates "HTTP/1.1 200 OK"
2025-07-21 12:29:43,179 - httpx - INFO - HTTP Request: POST https://api.telegram.org/bot8067228135:AAFVhUKTZXosDAm4SvoKAKtuzBrm2kcPdlI/getUpdates "HTTP/1.1 200 OK"
2025-07-21 12:29:53,706 - httpx - INFO - HTTP Request: POST https://api.telegram.org/bot8067228135:AAFVhUKTZXosDAm4SvoKAKtuzBrm2kcPdlI/getUpdates "HTTP/1.1 200 OK"
2025-07-21 12:30:03,419 - httpx - INFO - HTTP Request: POST https://api.telegram.org/bot8067228135:AAFVhUKTZXosDAm4SvoKAKtuzBrm2kcPdlI/getUpdates "HTTP/1.1 200 OK"
2025-07-21 12:30:13,983 - httpx - INFO - HTTP Request: POST https://api.telegram.org/bot8067228135:AAFVhUKTZXosDAm4SvoKAKtuzBrm2kcPdlI/getUpdates "HTTP/1.1 200 OK"
2025-07-21 12:30:24,501 - httpx - INFO - HTTP Request: POST https://api.telegram.org/bot8067228135:AAFVhUKTZXosDAm4SvoKAKtuzBrm2kcPdlI/getUpdates "HTTP/1.1 200 OK"
2025-07-21 12:30:34,224 - httpx - INFO - HTTP Request: POST https://api.telegram.org/bot8067228135:AAFVhUKTZXosDAm4SvoKAKtuzBrm2kcPdlI/getUpdates "HTTP/1.1 200 OK"
2025-07-21 12:30:44,739 - httpx - INFO - HTTP Request: POST https://api.telegram.org/bot8067228135:AAFVhUKTZXosDAm4SvoKAKtuzBrm2kcPdlI/getUpdates "HTTP/1.1 200 OK"
2025-07-21 12:30:55,265 - httpx - INFO - HTTP Request: POST https://api.telegram.org/bot8067228135:AAFVhUKTZXosDAm4SvoKAKtuzBrm2kcPdlI/getUpdates "HTTP/1.1 200 OK"
2025-07-21 12:31:04,992 - httpx - INFO - HTTP Request: POST https://api.telegram.org/bot8067228135:AAFVhUKTZXosDAm4SvoKAKtuzBrm2kcPdlI/getUpdates "HTTP/1.1 200 OK"
2025-07-21 12:31:15,510 - httpx - INFO - HTTP Request: POST https://api.telegram.org/bot8067228135:AAFVhUKTZXosDAm4SvoKAKtuzBrm2kcPdlI/getUpdates "HTTP/1.1 200 OK"
2025-07-21 12:31:26,025 - httpx - INFO - HTTP Request: POST https://api.telegram.org/bot8067228135:AAFVhUKTZXosDAm4SvoKAKtuzBrm2kcPdlI/getUpdates "HTTP/1.1 200 OK"
2025-07-21 12:31:35,741 - httpx - INFO - HTTP Request: POST https://api.telegram.org/bot8067228135:AAFVhUKTZXosDAm4SvoKAKtuzBrm2kcPdlI/getUpdates "HTTP/1.1 200 OK"
2025-07-21 12:31:46,263 - httpx - INFO - HTTP Request: POST https://api.telegram.org/bot8067228135:AAFVhUKTZXosDAm4SvoKAKtuzBrm2kcPdlI/getUpdates "HTTP/1.1 200 OK"
2025-07-21 12:31:55,967 - httpx - INFO - HTTP Request: POST https://api.telegram.org/bot8067228135:AAFVhUKTZXosDAm4SvoKAKtuzBrm2kcPdlI/getUpdates "HTTP/1.1 200 OK"
2025-07-21 12:32:06,491 - httpx - INFO - HTTP Request: POST https://api.telegram.org/bot8067228135:AAFVhUKTZXosDAm4SvoKAKtuzBrm2kcPdlI/getUpdates "HTTP/1.1 200 OK"
2025-07-21 12:32:17,058 - httpx - INFO - HTTP Request: POST https://api.telegram.org/bot8067228135:AAFVhUKTZXosDAm4SvoKAKtuzBrm2kcPdlI/getUpdates "HTTP/1.1 200 OK"
2025-07-21 12:32:26,722 - httpx - INFO - HTTP Request: POST https://api.telegram.org/bot8067228135:AAFVhUKTZXosDAm4SvoKAKtuzBrm2kcPdlI/getUpdates "HTTP/1.1 200 OK"
2025-07-21 12:32:37,235 - httpx - INFO - HTTP Request: POST https://api.telegram.org/bot8067228135:AAFVhUKTZXosDAm4SvoKAKtuzBrm2kcPdlI/getUpdates "HTTP/1.1 200 OK"
2025-07-21 12:32:47,750 - httpx - INFO - HTTP Request: POST https://api.telegram.org/bot8067228135:AAFVhUKTZXosDAm4SvoKAKtuzBrm2kcPdlI/getUpdates "HTTP/1.1 200 OK"
2025-07-21 12:32:57,461 - httpx - INFO - HTTP Request: POST https://api.telegram.org/bot8067228135:AAFVhUKTZXosDAm4SvoKAKtuzBrm2kcPdlI/getUpdates "HTTP/1.1 200 OK"
2025-07-21 12:33:07,975 - httpx - INFO - HTTP Request: POST https://api.telegram.org/bot8067228135:AAFVhUKTZXosDAm4SvoKAKtuzBrm2kcPdlI/getUpdates "HTTP/1.1 200 OK"
2025-07-21 12:33:18,492 - httpx - INFO - HTTP Request: POST https://api.telegram.org/bot8067228135:AAFVhUKTZXosDAm4SvoKAKtuzBrm2kcPdlI/getUpdates "HTTP/1.1 200 OK"
2025-07-21 12:33:28,211 - httpx - INFO - HTTP Request: POST https://api.telegram.org/bot8067228135:AAFVhUKTZXosDAm4SvoKAKtuzBrm2kcPdlI/getUpdates "HTTP/1.1 200 OK"
2025-07-21 12:33:38,738 - httpx - INFO - HTTP Request: POST https://api.telegram.org/bot8067228135:AAFVhUKTZXosDAm4SvoKAKtuzBrm2kcPdlI/getUpdates "HTTP/1.1 200 OK"
2025-07-21 12:33:49,283 - httpx - INFO - HTTP Request: POST https://api.telegram.org/bot8067228135:AAFVhUKTZXosDAm4SvoKAKtuzBrm2kcPdlI/getUpdates "HTTP/1.1 200 OK"
2025-07-21 12:33:58,968 - httpx - INFO - HTTP Request: POST https://api.telegram.org/bot8067228135:AAFVhUKTZXosDAm4SvoKAKtuzBrm2kcPdlI/getUpdates "HTTP/1.1 200 OK"
2025-07-21 12:34:09,488 - httpx - INFO - HTTP Request: POST https://api.telegram.org/bot8067228135:AAFVhUKTZXosDAm4SvoKAKtuzBrm2kcPdlI/getUpdates "HTTP/1.1 200 OK"
2025-07-21 12:34:20,009 - httpx - INFO - HTTP Request: POST https://api.telegram.org/bot8067228135:AAFVhUKTZXosDAm4SvoKAKtuzBrm2kcPdlI/getUpdates "HTTP/1.1 200 OK"
2025-07-21 12:34:29,713 - httpx - INFO - HTTP Request: POST https://api.telegram.org/bot8067228135:AAFVhUKTZXosDAm4SvoKAKtuzBrm2kcPdlI/getUpdates "HTTP/1.1 200 OK"
2025-07-21 12:34:40,233 - httpx - INFO - HTTP Request: POST https://api.telegram.org/bot8067228135:AAFVhUKTZXosDAm4SvoKAKtuzBrm2kcPdlI/getUpdates "HTTP/1.1 200 OK"
2025-07-21 12:34:50,752 - httpx - INFO - HTTP Request: POST https://api.telegram.org/bot8067228135:AAFVhUKTZXosDAm4SvoKAKtuzBrm2kcPdlI/getUpdates "HTTP/1.1 200 OK"
2025-07-21 12:35:00,466 - httpx - INFO - HTTP Request: POST https://api.telegram.org/bot8067228135:AAFVhUKTZXosDAm4SvoKAKtuzBrm2kcPdlI/getUpdates "HTTP/1.1 200 OK"
2025-07-21 12:35:10,989 - httpx - INFO - HTTP Request: POST https://api.telegram.org/bot8067228135:AAFVhUKTZXosDAm4SvoKAKtuzBrm2kcPdlI/getUpdates "HTTP/1.1 200 OK"
2025-07-21 12:35:20,693 - httpx - INFO - HTTP Request: POST https://api.telegram.org/bot8067228135:AAFVhUKTZXosDAm4SvoKAKtuzBrm2kcPdlI/getUpdates "HTTP/1.1 200 OK"
2025-07-21 12:35:31,212 - httpx - INFO - HTTP Request: POST https://api.telegram.org/bot8067228135:AAFVhUKTZXosDAm4SvoKAKtuzBrm2kcPdlI/getUpdates "HTTP/1.1 200 OK"
2025-07-21 12:35:41,733 - httpx - INFO - HTTP Request: POST https://api.telegram.org/bot8067228135:AAFVhUKTZXosDAm4SvoKAKtuzBrm2kcPdlI/getUpdates "HTTP/1.1 200 OK"
2025-07-21 12:35:51,449 - httpx - INFO - HTTP Request: POST https://api.telegram.org/bot8067228135:AAFVhUKTZXosDAm4SvoKAKtuzBrm2kcPdlI/getUpdates "HTTP/1.1 200 OK"
2025-07-21 12:36:01,981 - httpx - INFO - HTTP Request: POST https://api.telegram.org/bot8067228135:AAFVhUKTZXosDAm4SvoKAKtuzBrm2kcPdlI/getUpdates "HTTP/1.1 200 OK"
2025-07-21 12:36:12,521 - httpx - INFO - HTTP Request: POST https://api.telegram.org/bot8067228135:AAFVhUKTZXosDAm4SvoKAKtuzBrm2kcPdlI/getUpdates "HTTP/1.1 200 OK"
2025-07-21 12:36:22,193 - httpx - INFO - HTTP Request: POST https://api.telegram.org/bot8067228135:AAFVhUKTZXosDAm4SvoKAKtuzBrm2kcPdlI/getUpdates "HTTP/1.1 200 OK"
2025-07-21 12:36:32,716 - httpx - INFO - HTTP Request: POST https://api.telegram.org/bot8067228135:AAFVhUKTZXosDAm4SvoKAKtuzBrm2kcPdlI/getUpdates "HTTP/1.1 200 OK"
2025-07-21 12:36:43,236 - httpx - INFO - HTTP Request: POST https://api.telegram.org/bot8067228135:AAFVhUKTZXosDAm4SvoKAKtuzBrm2kcPdlI/getUpdates "HTTP/1.1 200 OK"
2025-07-21 12:36:52,954 - httpx - INFO - HTTP Request: POST https://api.telegram.org/bot8067228135:AAFVhUKTZXosDAm4SvoKAKtuzBrm2kcPdlI/getUpdates "HTTP/1.1 200 OK"
2025-07-21 12:37:03,481 - httpx - INFO - HTTP Request: POST https://api.telegram.org/bot8067228135:AAFVhUKTZXosDAm4SvoKAKtuzBrm2kcPdlI/getUpdates "HTTP/1.1 200 OK"
2025-07-21 12:37:14,004 - httpx - INFO - HTTP Request: POST https://api.telegram.org/bot8067228135:AAFVhUKTZXosDAm4SvoKAKtuzBrm2kcPdlI/getUpdates "HTTP/1.1 200 OK"
2025-07-21 12:37:23,700 - httpx - INFO - HTTP Request: POST https://api.telegram.org/bot8067228135:AAFVhUKTZXosDAm4SvoKAKtuzBrm2kcPdlI/getUpdates "HTTP/1.1 200 OK"
2025-07-21 12:37:34,234 - httpx - INFO - HTTP Request: POST https://api.telegram.org/bot8067228135:AAFVhUKTZXosDAm4SvoKAKtuzBrm2kcPdlI/getUpdates "HTTP/1.1 200 OK"
2025-07-21 12:37:44,778 - httpx - INFO - HTTP Request: POST https://api.telegram.org/bot8067228135:AAFVhUKTZXosDAm4SvoKAKtuzBrm2kcPdlI/getUpdates "HTTP/1.1 200 OK"
2025-07-21 12:37:54,453 - httpx - INFO - HTTP Request: POST https://api.telegram.org/bot8067228135:AAFVhUKTZXosDAm4SvoKAKtuzBrm2kcPdlI/getUpdates "HTTP/1.1 200 OK"
2025-07-21 12:38:04,976 - httpx - INFO - HTTP Request: POST https://api.telegram.org/bot8067228135:AAFVhUKTZXosDAm4SvoKAKtuzBrm2kcPdlI/getUpdates "HTTP/1.1 200 OK"
2025-07-21 12:38:14,685 - httpx - INFO - HTTP Request: POST https://api.telegram.org/bot8067228135:AAFVhUKTZXosDAm4SvoKAKtuzBrm2kcPdlI/getUpdates "HTTP/1.1 200 OK"
2025-07-21 12:38:25,206 - httpx - INFO - HTTP Request: POST https://api.telegram.org/bot8067228135:AAFVhUKTZXosDAm4SvoKAKtuzBrm2kcPdlI/getUpdates "HTTP/1.1 200 OK"
2025-07-21 12:38:35,729 - httpx - INFO - HTTP Request: POST https://api.telegram.org/bot8067228135:AAFVhUKTZXosDAm4SvoKAKtuzBrm2kcPdlI/getUpdates "HTTP/1.1 200 OK"
2025-07-21 12:38:45,429 - httpx - INFO - HTTP Request: POST https://api.telegram.org/bot8067228135:AAFVhUKTZXosDAm4SvoKAKtuzBrm2kcPdlI/getUpdates "HTTP/1.1 200 OK"
2025-07-21 12:38:55,955 - httpx - INFO - HTTP Request: POST https://api.telegram.org/bot8067228135:AAFVhUKTZXosDAm4SvoKAKtuzBrm2kcPdlI/getUpdates "HTTP/1.1 200 OK"
2025-07-21 12:39:06,489 - httpx - INFO - HTTP Request: POST https://api.telegram.org/bot8067228135:AAFVhUKTZXosDAm4SvoKAKtuzBrm2kcPdlI/getUpdates "HTTP/1.1 200 OK"
2025-07-21 12:39:16,181 - httpx - INFO - HTTP Request: POST https://api.telegram.org/bot8067228135:AAFVhUKTZXosDAm4SvoKAKtuzBrm2kcPdlI/getUpdates "HTTP/1.1 200 OK"
2025-07-21 12:39:26,704 - httpx - INFO - HTTP Request: POST https://api.telegram.org/bot8067228135:AAFVhUKTZXosDAm4SvoKAKtuzBrm2kcPdlI/getUpdates "HTTP/1.1 200 OK"
2025-07-21 12:39:37,227 - httpx - INFO - HTTP Request: POST https://api.telegram.org/bot8067228135:AAFVhUKTZXosDAm4SvoKAKtuzBrm2kcPdlI/getUpdates "HTTP/1.1 200 OK"
2025-07-21 12:39:46,938 - httpx - INFO - HTTP Request: POST https://api.telegram.org/bot8067228135:AAFVhUKTZXosDAm4SvoKAKtuzBrm2kcPdlI/getUpdates "HTTP/1.1 200 OK"
2025-07-21 12:39:57,474 - httpx - INFO - HTTP Request: POST https://api.telegram.org/bot8067228135:AAFVhUKTZXosDAm4SvoKAKtuzBrm2kcPdlI/getUpdates "HTTP/1.1 200 OK"
2025-07-21 12:40:08,021 - httpx - INFO - HTTP Request: POST https://api.telegram.org/bot8067228135:AAFVhUKTZXosDAm4SvoKAKtuzBrm2kcPdlI/getUpdates "HTTP/1.1 200 OK"
2025-07-21 12:40:17,687 - httpx - INFO - HTTP Request: POST https://api.telegram.org/bot8067228135:AAFVhUKTZXosDAm4SvoKAKtuzBrm2kcPdlI/getUpdates "HTTP/1.1 200 OK"
2025-07-21 12:40:28,211 - httpx - INFO - HTTP Request: POST https://api.telegram.org/bot8067228135:AAFVhUKTZXosDAm4SvoKAKtuzBrm2kcPdlI/getUpdates "HTTP/1.1 200 OK"
2025-07-21 12:40:38,737 - httpx - INFO - HTTP Request: POST https://api.telegram.org/bot8067228135:AAFVhUKTZXosDAm4SvoKAKtuzBrm2kcPdlI/getUpdates "HTTP/1.1 200 OK"
2025-07-21 12:40:48,441 - httpx - INFO - HTTP Request: POST https://api.telegram.org/bot8067228135:AAFVhUKTZXosDAm4SvoKAKtuzBrm2kcPdlI/getUpdates "HTTP/1.1 200 OK"
2025-07-21 12:40:58,966 - httpx - INFO - HTTP Request: POST https://api.telegram.org/bot8067228135:AAFVhUKTZXosDAm4SvoKAKtuzBrm2kcPdlI/getUpdates "HTTP/1.1 200 OK"
2025-07-21 12:41:09,496 - httpx - INFO - HTTP Request: POST https://api.telegram.org/bot8067228135:AAFVhUKTZXosDAm4SvoKAKtuzBrm2kcPdlI/getUpdates "HTTP/1.1 200 OK"
2025-07-21 12:41:19,190 - httpx - INFO - HTTP Request: POST https://api.telegram.org/bot8067228135:AAFVhUKTZXosDAm4SvoKAKtuzBrm2kcPdlI/getUpdates "HTTP/1.1 200 OK"
2025-07-21 12:41:29,736 - httpx - INFO - HTTP Request: POST https://api.telegram.org/bot8067228135:AAFVhUKTZXosDAm4SvoKAKtuzBrm2kcPdlI/getUpdates "HTTP/1.1 200 OK"
2025-07-21 12:41:39,430 - httpx - INFO - HTTP Request: POST https://api.telegram.org/bot8067228135:AAFVhUKTZXosDAm4SvoKAKtuzBrm2kcPdlI/getUpdates "HTTP/1.1 200 OK"
2025-07-21 12:41:49,957 - httpx - INFO - HTTP Request: POST https://api.telegram.org/bot8067228135:AAFVhUKTZXosDAm4SvoKAKtuzBrm2kcPdlI/getUpdates "HTTP/1.1 200 OK"
2025-07-21 12:42:00,486 - httpx - INFO - HTTP Request: POST https://api.telegram.org/bot8067228135:AAFVhUKTZXosDAm4SvoKAKtuzBrm2kcPdlI/getUpdates "HTTP/1.1 200 OK"
2025-07-21 12:42:10,179 - httpx - INFO - HTTP Request: POST https://api.telegram.org/bot8067228135:AAFVhUKTZXosDAm4SvoKAKtuzBrm2kcPdlI/getUpdates "HTTP/1.1 200 OK"
2025-07-21 12:42:20,717 - httpx - INFO - HTTP Request: POST https://api.telegram.org/bot8067228135:AAFVhUKTZXosDAm4SvoKAKtuzBrm2kcPdlI/getUpdates "HTTP/1.1 200 OK"
2025-07-21 12:42:31,269 - httpx - INFO - HTTP Request: POST https://api.telegram.org/bot8067228135:AAFVhUKTZXosDAm4SvoKAKtuzBrm2kcPdlI/getUpdates "HTTP/1.1 200 OK"
2025-07-21 12:42:41,461 - httpx - INFO - HTTP Request: POST https://api.telegram.org/bot8067228135:AAFVhUKTZXosDAm4SvoKAKtuzBrm2kcPdlI/getUpdates "HTTP/1.1 200 OK"
2025-07-21 12:42:52,012 - httpx - INFO - HTTP Request: POST https://api.telegram.org/bot8067228135:AAFVhUKTZXosDAm4SvoKAKtuzBrm2kcPdlI/getUpdates "HTTP/1.1 200 OK"
2025-07-21 12:43:02,577 - httpx - INFO - HTTP Request: POST https://api.telegram.org/bot8067228135:AAFVhUKTZXosDAm4SvoKAKtuzBrm2kcPdlI/getUpdates "HTTP/1.1 200 OK"
2025-07-21 12:43:12,224 - httpx - INFO - HTTP Request: POST https://api.telegram.org/bot8067228135:AAFVhUKTZXosDAm4SvoKAKtuzBrm2kcPdlI/getUpdates "HTTP/1.1 200 OK"
2025-07-21 12:43:22,757 - httpx - INFO - HTTP Request: POST https://api.telegram.org/bot8067228135:AAFVhUKTZXosDAm4SvoKAKtuzBrm2kcPdlI/getUpdates "HTTP/1.1 200 OK"
2025-07-21 12:43:33,287 - httpx - INFO - HTTP Request: POST https://api.telegram.org/bot8067228135:AAFVhUKTZXosDAm4SvoKAKtuzBrm2kcPdlI/getUpdates "HTTP/1.1 200 OK"
2025-07-21 12:43:43,004 - httpx - INFO - HTTP Request: POST https://api.telegram.org/bot8067228135:AAFVhUKTZXosDAm4SvoKAKtuzBrm2kcPdlI/getUpdates "HTTP/1.1 200 OK"
2025-07-21 12:43:53,536 - httpx - INFO - HTTP Request: POST https://api.telegram.org/bot8067228135:AAFVhUKTZXosDAm4SvoKAKtuzBrm2kcPdlI/getUpdates "HTTP/1.1 200 OK"
2025-07-21 12:44:04,070 - httpx - INFO - HTTP Request: POST https://api.telegram.org/bot8067228135:AAFVhUKTZXosDAm4SvoKAKtuzBrm2kcPdlI/getUpdates "HTTP/1.1 200 OK"
2025-07-21 12:44:13,771 - httpx - INFO - HTTP Request: POST https://api.telegram.org/bot8067228135:AAFVhUKTZXosDAm4SvoKAKtuzBrm2kcPdlI/getUpdates "HTTP/1.1 200 OK"
2025-07-21 12:44:24,303 - httpx - INFO - HTTP Request: POST https://api.telegram.org/bot8067228135:AAFVhUKTZXosDAm4SvoKAKtuzBrm2kcPdlI/getUpdates "HTTP/1.1 200 OK"
2025-07-21 12:44:33,995 - httpx - INFO - HTTP Request: POST https://api.telegram.org/bot8067228135:AAFVhUKTZXosDAm4SvoKAKtuzBrm2kcPdlI/getUpdates "HTTP/1.1 200 OK"
2025-07-21 12:44:44,532 - httpx - INFO - HTTP Request: POST https://api.telegram.org/bot8067228135:AAFVhUKTZXosDAm4SvoKAKtuzBrm2kcPdlI/getUpdates "HTTP/1.1 200 OK"
2025-07-21 12:44:55,066 - httpx - INFO - HTTP Request: POST https://api.telegram.org/bot8067228135:AAFVhUKTZXosDAm4SvoKAKtuzBrm2kcPdlI/getUpdates "HTTP/1.1 200 OK"
2025-07-21 12:45:04,762 - httpx - INFO - HTTP Request: POST https://api.telegram.org/bot8067228135:AAFVhUKTZXosDAm4SvoKAKtuzBrm2kcPdlI/getUpdates "HTTP/1.1 200 OK"
2025-07-21 12:45:15,300 - httpx - INFO - HTTP Request: POST https://api.telegram.org/bot8067228135:AAFVhUKTZXosDAm4SvoKAKtuzBrm2kcPdlI/getUpdates "HTTP/1.1 200 OK"
2025-07-21 12:45:25,852 - httpx - INFO - HTTP Request: POST https://api.telegram.org/bot8067228135:AAFVhUKTZXosDAm4SvoKAKtuzBrm2kcPdlI/getUpdates "HTTP/1.1 200 OK"
2025-07-21 12:45:35,547 - httpx - INFO - HTTP Request: POST https://api.telegram.org/bot8067228135:AAFVhUKTZXosDAm4SvoKAKtuzBrm2kcPdlI/getUpdates "HTTP/1.1 200 OK"
2025-07-21 12:45:46,084 - httpx - INFO - HTTP Request: POST https://api.telegram.org/bot8067228135:AAFVhUKTZXosDAm4SvoKAKtuzBrm2kcPdlI/getUpdates "HTTP/1.1 200 OK"
2025-07-21 12:45:56,615 - httpx - INFO - HTTP Request: POST https://api.telegram.org/bot8067228135:AAFVhUKTZXosDAm4SvoKAKtuzBrm2kcPdlI/getUpdates "HTTP/1.1 200 OK"
2025-07-21 12:46:06,305 - httpx - INFO - HTTP Request: POST https://api.telegram.org/bot8067228135:AAFVhUKTZXosDAm4SvoKAKtuzBrm2kcPdlI/getUpdates "HTTP/1.1 200 OK"
2025-07-21 12:46:16,865 - httpx - INFO - HTTP Request: POST https://api.telegram.org/bot8067228135:AAFVhUKTZXosDAm4SvoKAKtuzBrm2kcPdlI/getUpdates "HTTP/1.1 200 OK"
2025-07-21 12:46:27,414 - httpx - INFO - HTTP Request: POST https://api.telegram.org/bot8067228135:AAFVhUKTZXosDAm4SvoKAKtuzBrm2kcPdlI/getUpdates "HTTP/1.1 200 OK"
2025-07-21 12:46:37,076 - httpx - INFO - HTTP Request: POST https://api.telegram.org/bot8067228135:AAFVhUKTZXosDAm4SvoKAKtuzBrm2kcPdlI/getUpdates "HTTP/1.1 200 OK"
2025-07-21 12:46:47,612 - httpx - INFO - HTTP Request: POST https://api.telegram.org/bot8067228135:AAFVhUKTZXosDAm4SvoKAKtuzBrm2kcPdlI/getUpdates "HTTP/1.1 200 OK"
2025-07-21 12:46:58,145 - httpx - INFO - HTTP Request: POST https://api.telegram.org/bot8067228135:AAFVhUKTZXosDAm4SvoKAKtuzBrm2kcPdlI/getUpdates "HTTP/1.1 200 OK"
2025-07-21 12:47:07,837 - httpx - INFO - HTTP Request: POST https://api.telegram.org/bot8067228135:AAFVhUKTZXosDAm4SvoKAKtuzBrm2kcPdlI/getUpdates "HTTP/1.1 200 OK"
2025-07-21 12:47:18,376 - httpx - INFO - HTTP Request: POST https://api.telegram.org/bot8067228135:AAFVhUKTZXosDAm4SvoKAKtuzBrm2kcPdlI/getUpdates "HTTP/1.1 200 OK"
2025-07-21 12:47:28,914 - httpx - INFO - HTTP Request: POST https://api.telegram.org/bot8067228135:AAFVhUKTZXosDAm4SvoKAKtuzBrm2kcPdlI/getUpdates "HTTP/1.1 200 OK"
2025-07-21 12:47:38,606 - httpx - INFO - HTTP Request: POST https://api.telegram.org/bot8067228135:AAFVhUKTZXosDAm4SvoKAKtuzBrm2kcPdlI/getUpdates "HTTP/1.1 200 OK"
2025-07-21 12:47:49,155 - httpx - INFO - HTTP Request: POST https://api.telegram.org/bot8067228135:AAFVhUKTZXosDAm4SvoKAKtuzBrm2kcPdlI/getUpdates "HTTP/1.1 200 OK"
2025-07-21 12:47:58,839 - httpx - INFO - HTTP Request: POST https://api.telegram.org/bot8067228135:AAFVhUKTZXosDAm4SvoKAKtuzBrm2kcPdlI/getUpdates "HTTP/1.1 200 OK"
2025-07-21 12:48:09,376 - httpx - INFO - HTTP Request: POST https://api.telegram.org/bot8067228135:AAFVhUKTZXosDAm4SvoKAKtuzBrm2kcPdlI/getUpdates "HTTP/1.1 200 OK"
2025-07-21 12:48:19,915 - httpx - INFO - HTTP Request: POST https://api.telegram.org/bot8067228135:AAFVhUKTZXosDAm4SvoKAKtuzBrm2kcPdlI/getUpdates "HTTP/1.1 200 OK"
2025-07-21 12:48:29,604 - httpx - INFO - HTTP Request: POST https://api.telegram.org/bot8067228135:AAFVhUKTZXosDAm4SvoKAKtuzBrm2kcPdlI/getUpdates "HTTP/1.1 200 OK"
2025-07-21 12:48:40,151 - httpx - INFO - HTTP Request: POST https://api.telegram.org/bot8067228135:AAFVhUKTZXosDAm4SvoKAKtuzBrm2kcPdlI/getUpdates "HTTP/1.1 200 OK"
2025-07-21 12:48:50,694 - httpx - INFO - HTTP Request: POST https://api.telegram.org/bot8067228135:AAFVhUKTZXosDAm4SvoKAKtuzBrm2kcPdlI/getUpdates "HTTP/1.1 200 OK"
2025-07-21 12:49:00,382 - httpx - INFO - HTTP Request: POST https://api.telegram.org/bot8067228135:AAFVhUKTZXosDAm4SvoKAKtuzBrm2kcPdlI/getUpdates "HTTP/1.1 200 OK"
2025-07-21 12:49:10,923 - httpx - INFO - HTTP Request: POST https://api.telegram.org/bot8067228135:AAFVhUKTZXosDAm4SvoKAKtuzBrm2kcPdlI/getUpdates "HTTP/1.1 200 OK"
